0 info it worked if it ends with ok
1 verbose cli [ 'C:\\Program Files\\nodejs\\node.exe',
1 verbose cli   'C:\\Program Files\\nodejs\\node_modules\\npm\\bin\\npm-cli.js',
1 verbose cli   'i',
1 verbose cli   'sequelize' ]
2 info using npm@6.4.1
3 info using node@v11.1.0
4 verbose npm-session 6277d03bdf99d17e
5 silly install loadCurrentTree
6 silly install readLocalPackageData
7 http fetch GET 200 http://registry.npmjs.org/sequelize 77ms (from cache)
8 silly pacote tag manifest for sequelize@latest fetched in 137ms
9 timing stage:loadCurrentTree Completed in 650ms
10 silly install loadIdealTree
11 silly install cloneCurrentTreeToIdealTree
12 timing stage:loadIdealTree:cloneCurrentTree Completed in 0ms
13 silly install loadShrinkwrap
14 timing stage:loadIdealTree:loadShrinkwrap Completed in 115ms
15 silly install loadAllDepsIntoIdealTree
16 silly resolveWithNewModule sequelize@5.8.5 checking installable status
17 http fetch GET 200 http://registry.npmjs.org/cls-bluebird 161ms (from cache)
18 http fetch GET 200 http://registry.npmjs.org/dottie 160ms (from cache)
19 http fetch GET 200 http://registry.npmjs.org/inflection 166ms (from cache)
20 http fetch GET 200 http://registry.npmjs.org/retry-as-promised 133ms (from cache)
21 http fetch GET 200 http://registry.npmjs.org/semver 139ms (from cache)
22 http fetch GET 200 http://registry.npmjs.org/moment-timezone 155ms (from cache)
23 http fetch GET 200 http://registry.npmjs.org/debug 196ms (from cache)
24 silly pacote range manifest for cls-bluebird@^2.1.0 fetched in 201ms
25 silly resolveWithNewModule cls-bluebird@2.1.0 checking installable status
26 silly pacote range manifest for dottie@^2.0.0 fetched in 227ms
27 silly resolveWithNewModule dottie@2.0.1 checking installable status
28 silly pacote version manifest for inflection@1.12.0 fetched in 229ms
29 silly resolveWithNewModule inflection@1.12.0 checking installable status
30 silly pacote range manifest for retry-as-promised@^3.1.0 fetched in 195ms
31 silly resolveWithNewModule retry-as-promised@3.2.0 checking installable status
32 http fetch GET 200 http://registry.npmjs.org/moment 246ms (from cache)
33 silly pacote range manifest for semver@^5.6.0 fetched in 241ms
34 silly resolveWithNewModule semver@5.7.0 checking installable status
35 silly pacote range manifest for moment-timezone@^0.5.21 fetched in 277ms
36 silly resolveWithNewModule moment-timezone@0.5.25 checking installable status
37 silly pacote range manifest for debug@^4.1.1 fetched in 314ms
38 silly resolveWithNewModule debug@4.1.1 checking installable status
39 silly pacote range manifest for moment@^2.24.0 fetched in 329ms
40 silly resolveWithNewModule moment@2.24.0 checking installable status
41 http fetch GET 200 http://registry.npmjs.org/sequelize-pool 128ms (from cache)
42 http fetch GET 200 http://registry.npmjs.org/uuid 83ms (from cache)
43 http fetch GET 200 http://registry.npmjs.org/toposort-class 86ms (from cache)
44 http fetch GET 200 http://registry.npmjs.org/wkx 82ms (from cache)
45 silly pacote range manifest for sequelize-pool@^1.0.2 fetched in 157ms
46 silly resolveWithNewModule sequelize-pool@1.0.2 checking installable status
47 silly pacote range manifest for uuid@^3.2.1 fetched in 110ms
48 silly resolveWithNewModule uuid@3.3.2 checking installable status
49 silly pacote range manifest for toposort-class@^1.0.1 fetched in 152ms
50 silly resolveWithNewModule toposort-class@1.0.1 checking installable status
51 silly pacote range manifest for wkx@^0.4.6 fetched in 97ms
52 silly resolveWithNewModule wkx@0.4.6 checking installable status
53 http fetch GET 200 http://registry.npmjs.org/validator 130ms (from cache)
54 silly pacote range manifest for validator@^10.11.0 fetched in 149ms
55 silly resolveWithNewModule validator@10.11.0 checking installable status
56 http fetch GET 304 http://registry.npmjs.org/lodash 442ms (from cache)
57 http fetch GET 304 http://registry.npmjs.org/bluebird 502ms (from cache)
58 silly pacote range manifest for lodash@^4.17.11 fetched in 532ms
59 silly resolveWithNewModule lodash@4.17.11 checking installable status
60 silly pacote range manifest for bluebird@^3.5.0 fetched in 636ms
61 silly resolveWithNewModule bluebird@3.5.4 checking installable status
62 http fetch GET 200 http://registry.npmjs.org/shimmer 14ms (from cache)
63 http fetch GET 200 http://registry.npmjs.org/is-bluebird 14ms (from cache)
64 silly pacote range manifest for shimmer@^1.1.0 fetched in 23ms
65 silly resolveWithNewModule shimmer@1.2.1 checking installable status
66 silly pacote range manifest for is-bluebird@^1.0.2 fetched in 26ms
67 silly resolveWithNewModule is-bluebird@1.0.2 checking installable status
68 http fetch GET 200 http://registry.npmjs.org/ms 40ms (from cache)
69 silly pacote range manifest for ms@^2.1.1 fetched in 57ms
70 silly resolveWithNewModule ms@2.1.1 checking installable status
71 http fetch GET 200 http://registry.npmjs.org/any-promise 37ms (from cache)
72 silly pacote range manifest for any-promise@^1.3.0 fetched in 40ms
73 silly resolveWithNewModule any-promise@1.3.0 checking installable status
74 http fetch GET 200 http://registry.npmjs.org/@types%2fnode 90ms (from cache)
75 silly pacote range manifest for @types/node@* fetched in 108ms
76 silly resolveWithNewModule @types/node@12.0.0 checking installable status
77 timing stage:loadIdealTree:loadAllDepsIntoIdealTree Completed in 1129ms
78 timing stage:loadIdealTree Completed in 1315ms
79 silly currentTree project-3-express@1.0.0
80 silly idealTree project-3-express@1.0.0
80 silly idealTree +-- @types/node@12.0.0
80 silly idealTree +-- accepts@1.3.7
80 silly idealTree +-- any-promise@1.3.0
80 silly idealTree +-- array-flatten@1.1.1
80 silly idealTree +-- bluebird@3.5.4
80 silly idealTree +-- body-parser@1.18.3
80 silly idealTree | +-- debug@2.6.9
80 silly idealTree | +-- iconv-lite@0.4.23
80 silly idealTree | `-- ms@2.0.0
80 silly idealTree +-- bytes@3.0.0
80 silly idealTree +-- cls-bluebird@2.1.0
80 silly idealTree +-- content-disposition@0.5.2
80 silly idealTree +-- content-type@1.0.4
80 silly idealTree +-- cookie-signature@1.0.6
80 silly idealTree +-- cookie@0.3.1
80 silly idealTree +-- debug@4.1.1
80 silly idealTree +-- denque@1.4.1
80 silly idealTree +-- depd@1.1.2
80 silly idealTree +-- destroy@1.0.4
80 silly idealTree +-- dottie@2.0.1
80 silly idealTree +-- ee-first@1.1.1
80 silly idealTree +-- encodeurl@1.0.2
80 silly idealTree +-- escape-html@1.0.3
80 silly idealTree +-- etag@1.8.1
80 silly idealTree +-- express@4.16.4
80 silly idealTree | +-- debug@2.6.9
80 silly idealTree | `-- ms@2.0.0
80 silly idealTree +-- finalhandler@1.1.1
80 silly idealTree | +-- debug@2.6.9
80 silly idealTree | `-- ms@2.0.0
80 silly idealTree +-- forwarded@0.1.2
80 silly idealTree +-- fresh@0.5.2
80 silly idealTree +-- generate-function@2.3.1
80 silly idealTree +-- http-errors@1.6.3
80 silly idealTree +-- iconv-lite@0.4.24
80 silly idealTree +-- inflection@1.12.0
80 silly idealTree +-- inherits@2.0.3
80 silly idealTree +-- ipaddr.js@1.9.0
80 silly idealTree +-- is-bluebird@1.0.2
80 silly idealTree +-- is-property@1.0.2
80 silly idealTree +-- lodash@4.17.11
80 silly idealTree +-- long@4.0.0
80 silly idealTree +-- lru-cache@4.1.5
80 silly idealTree +-- media-typer@0.3.0
80 silly idealTree +-- merge-descriptors@1.0.1
80 silly idealTree +-- methods@1.1.2
80 silly idealTree +-- mime-db@1.40.0
80 silly idealTree +-- mime-types@2.1.24
80 silly idealTree +-- mime@1.4.1
80 silly idealTree +-- moment-timezone@0.5.25
80 silly idealTree +-- moment@2.24.0
80 silly idealTree +-- ms@2.1.1
80 silly idealTree +-- mysql2@1.6.5
80 silly idealTree +-- named-placeholders@1.1.2
80 silly idealTree +-- negotiator@0.6.2
80 silly idealTree +-- on-finished@2.3.0
80 silly idealTree +-- parseurl@1.3.3
80 silly idealTree +-- path-to-regexp@0.1.7
80 silly idealTree +-- proxy-addr@2.0.5
80 silly idealTree +-- pseudomap@1.0.2
80 silly idealTree +-- qs@6.5.2
80 silly idealTree +-- range-parser@1.2.0
80 silly idealTree +-- raw-body@2.3.3
80 silly idealTree | `-- iconv-lite@0.4.23
80 silly idealTree +-- retry-as-promised@3.2.0
80 silly idealTree +-- safe-buffer@5.1.2
80 silly idealTree +-- safer-buffer@2.1.2
80 silly idealTree +-- semver@5.7.0
80 silly idealTree +-- send@0.16.2
80 silly idealTree | +-- debug@2.6.9
80 silly idealTree | `-- ms@2.0.0
80 silly idealTree +-- seq-queue@0.0.5
80 silly idealTree +-- sequelize-pool@1.0.2
80 silly idealTree +-- sequelize@5.8.5
80 silly idealTree +-- serve-static@1.13.2
80 silly idealTree +-- setprototypeof@1.1.0
80 silly idealTree +-- shimmer@1.2.1
80 silly idealTree +-- sqlstring@2.3.1
80 silly idealTree +-- statuses@1.4.0
80 silly idealTree +-- toposort-class@1.0.1
80 silly idealTree +-- type-is@1.6.18
80 silly idealTree +-- unpipe@1.0.0
80 silly idealTree +-- utils-merge@1.0.1
80 silly idealTree +-- uuid@3.3.2
80 silly idealTree +-- validator@10.11.0
80 silly idealTree +-- vary@1.1.2
80 silly idealTree +-- wkx@0.4.6
80 silly idealTree `-- yallist@2.1.2
81 silly install generateActionsToTake
82 timing stage:generateActionsToTake Completed in 65ms
83 silly diffTrees action count 88
84 silly diffTrees add @types/node@12.0.0
85 silly diffTrees add any-promise@1.3.0
86 silly diffTrees add array-flatten@1.1.1
87 silly diffTrees add bluebird@3.5.4
88 silly diffTrees add ms@2.0.0
89 silly diffTrees add debug@2.6.9
90 silly diffTrees add bytes@3.0.0
91 silly diffTrees add content-disposition@0.5.2
92 silly diffTrees add content-type@1.0.4
93 silly diffTrees add cookie@0.3.1
94 silly diffTrees add cookie-signature@1.0.6
95 silly diffTrees add denque@1.4.1
96 silly diffTrees add depd@1.1.2
97 silly diffTrees add destroy@1.0.4
98 silly diffTrees add ee-first@1.1.1
99 silly diffTrees add encodeurl@1.0.2
100 silly diffTrees add escape-html@1.0.3
101 silly diffTrees add etag@1.8.1
102 silly diffTrees add ms@2.0.0
103 silly diffTrees add debug@2.6.9
104 silly diffTrees add ms@2.0.0
105 silly diffTrees add debug@2.6.9
106 silly diffTrees add forwarded@0.1.2
107 silly diffTrees add fresh@0.5.2
108 silly diffTrees add inherits@2.0.3
109 silly diffTrees add ipaddr.js@1.9.0
110 silly diffTrees add is-bluebird@1.0.2
111 silly diffTrees add is-property@1.0.2
112 silly diffTrees add generate-function@2.3.1
113 silly diffTrees add long@4.0.0
114 silly diffTrees add media-typer@0.3.0
115 silly diffTrees add merge-descriptors@1.0.1
116 silly diffTrees add methods@1.1.2
117 silly diffTrees add mime@1.4.1
118 silly diffTrees add mime-db@1.40.0
119 silly diffTrees add mime-types@2.1.24
120 silly diffTrees add moment@2.24.0
121 silly diffTrees add ms@2.1.1
122 silly diffTrees add negotiator@0.6.2
123 silly diffTrees add accepts@1.3.7
124 silly diffTrees add on-finished@2.3.0
125 silly diffTrees add parseurl@1.3.3
126 silly diffTrees add path-to-regexp@0.1.7
127 silly diffTrees add proxy-addr@2.0.5
128 silly diffTrees add pseudomap@1.0.2
129 silly diffTrees add qs@6.5.2
130 silly diffTrees add range-parser@1.2.0
131 silly diffTrees add safe-buffer@5.1.2
132 silly diffTrees add safer-buffer@2.1.2
133 silly diffTrees add iconv-lite@0.4.23
134 silly diffTrees add iconv-lite@0.4.24
135 silly diffTrees add iconv-lite@0.4.23
136 silly diffTrees add ms@2.0.0
137 silly diffTrees add debug@2.6.9
138 silly diffTrees add seq-queue@0.0.5
139 silly diffTrees add setprototypeof@1.1.0
140 silly diffTrees add shimmer@1.2.1
141 silly diffTrees add sqlstring@2.3.1
142 silly diffTrees add statuses@1.4.0
143 silly diffTrees add http-errors@1.6.3
144 silly diffTrees add send@0.16.2
145 silly diffTrees add serve-static@1.13.2
146 silly diffTrees add type-is@1.6.18
147 silly diffTrees add unpipe@1.0.0
148 silly diffTrees add finalhandler@1.1.1
149 silly diffTrees add raw-body@2.3.3
150 silly diffTrees add body-parser@1.18.3
151 silly diffTrees add utils-merge@1.0.1
152 silly diffTrees add vary@1.1.2
153 silly diffTrees add yallist@2.1.2
154 silly diffTrees add lru-cache@4.1.5
155 silly diffTrees add named-placeholders@1.1.2
156 silly diffTrees add cls-bluebird@2.1.0
157 silly diffTrees add debug@4.1.1
158 silly diffTrees add dottie@2.0.1
159 silly diffTrees add express@4.16.4
160 silly diffTrees add inflection@1.12.0
161 silly diffTrees add lodash@4.17.11
162 silly diffTrees add moment-timezone@0.5.25
163 silly diffTrees add mysql2@1.6.5
164 silly diffTrees add retry-as-promised@3.2.0
165 silly diffTrees add semver@5.7.0
166 silly diffTrees add sequelize-pool@1.0.2
167 silly diffTrees add toposort-class@1.0.1
168 silly diffTrees add uuid@3.3.2
169 silly diffTrees add validator@10.11.0
170 silly diffTrees add wkx@0.4.6
171 silly diffTrees add sequelize@5.8.5
172 silly decomposeActions action count 704
173 silly decomposeActions fetch @types/node@12.0.0
174 silly decomposeActions extract @types/node@12.0.0
175 silly decomposeActions preinstall @types/node@12.0.0
176 silly decomposeActions build @types/node@12.0.0
177 silly decomposeActions install @types/node@12.0.0
178 silly decomposeActions postinstall @types/node@12.0.0
179 silly decomposeActions finalize @types/node@12.0.0
180 silly decomposeActions refresh-package-json @types/node@12.0.0
181 silly decomposeActions fetch any-promise@1.3.0
182 silly decomposeActions extract any-promise@1.3.0
183 silly decomposeActions preinstall any-promise@1.3.0
184 silly decomposeActions build any-promise@1.3.0
185 silly decomposeActions install any-promise@1.3.0
186 silly decomposeActions postinstall any-promise@1.3.0
187 silly decomposeActions finalize any-promise@1.3.0
188 silly decomposeActions refresh-package-json any-promise@1.3.0
189 silly decomposeActions fetch array-flatten@1.1.1
190 silly decomposeActions extract array-flatten@1.1.1
191 silly decomposeActions preinstall array-flatten@1.1.1
192 silly decomposeActions build array-flatten@1.1.1
193 silly decomposeActions install array-flatten@1.1.1
194 silly decomposeActions postinstall array-flatten@1.1.1
195 silly decomposeActions finalize array-flatten@1.1.1
196 silly decomposeActions refresh-package-json array-flatten@1.1.1
197 silly decomposeActions fetch bluebird@3.5.4
198 silly decomposeActions extract bluebird@3.5.4
199 silly decomposeActions preinstall bluebird@3.5.4
200 silly decomposeActions build bluebird@3.5.4
201 silly decomposeActions install bluebird@3.5.4
202 silly decomposeActions postinstall bluebird@3.5.4
203 silly decomposeActions finalize bluebird@3.5.4
204 silly decomposeActions refresh-package-json bluebird@3.5.4
205 silly decomposeActions fetch ms@2.0.0
206 silly decomposeActions extract ms@2.0.0
207 silly decomposeActions preinstall ms@2.0.0
208 silly decomposeActions build ms@2.0.0
209 silly decomposeActions install ms@2.0.0
210 silly decomposeActions postinstall ms@2.0.0
211 silly decomposeActions finalize ms@2.0.0
212 silly decomposeActions refresh-package-json ms@2.0.0
213 silly decomposeActions fetch debug@2.6.9
214 silly decomposeActions extract debug@2.6.9
215 silly decomposeActions preinstall debug@2.6.9
216 silly decomposeActions build debug@2.6.9
217 silly decomposeActions install debug@2.6.9
218 silly decomposeActions postinstall debug@2.6.9
219 silly decomposeActions finalize debug@2.6.9
220 silly decomposeActions refresh-package-json debug@2.6.9
221 silly decomposeActions fetch bytes@3.0.0
222 silly decomposeActions extract bytes@3.0.0
223 silly decomposeActions preinstall bytes@3.0.0
224 silly decomposeActions build bytes@3.0.0
225 silly decomposeActions install bytes@3.0.0
226 silly decomposeActions postinstall bytes@3.0.0
227 silly decomposeActions finalize bytes@3.0.0
228 silly decomposeActions refresh-package-json bytes@3.0.0
229 silly decomposeActions fetch content-disposition@0.5.2
230 silly decomposeActions extract content-disposition@0.5.2
231 silly decomposeActions preinstall content-disposition@0.5.2
232 silly decomposeActions build content-disposition@0.5.2
233 silly decomposeActions install content-disposition@0.5.2
234 silly decomposeActions postinstall content-disposition@0.5.2
235 silly decomposeActions finalize content-disposition@0.5.2
236 silly decomposeActions refresh-package-json content-disposition@0.5.2
237 silly decomposeActions fetch content-type@1.0.4
238 silly decomposeActions extract content-type@1.0.4
239 silly decomposeActions preinstall content-type@1.0.4
240 silly decomposeActions build content-type@1.0.4
241 silly decomposeActions install content-type@1.0.4
242 silly decomposeActions postinstall content-type@1.0.4
243 silly decomposeActions finalize content-type@1.0.4
244 silly decomposeActions refresh-package-json content-type@1.0.4
245 silly decomposeActions fetch cookie@0.3.1
246 silly decomposeActions extract cookie@0.3.1
247 silly decomposeActions preinstall cookie@0.3.1
248 silly decomposeActions build cookie@0.3.1
249 silly decomposeActions install cookie@0.3.1
250 silly decomposeActions postinstall cookie@0.3.1
251 silly decomposeActions finalize cookie@0.3.1
252 silly decomposeActions refresh-package-json cookie@0.3.1
253 silly decomposeActions fetch cookie-signature@1.0.6
254 silly decomposeActions extract cookie-signature@1.0.6
255 silly decomposeActions preinstall cookie-signature@1.0.6
256 silly decomposeActions build cookie-signature@1.0.6
257 silly decomposeActions install cookie-signature@1.0.6
258 silly decomposeActions postinstall cookie-signature@1.0.6
259 silly decomposeActions finalize cookie-signature@1.0.6
260 silly decomposeActions refresh-package-json cookie-signature@1.0.6
261 silly decomposeActions fetch denque@1.4.1
262 silly decomposeActions extract denque@1.4.1
263 silly decomposeActions preinstall denque@1.4.1
264 silly decomposeActions build denque@1.4.1
265 silly decomposeActions install denque@1.4.1
266 silly decomposeActions postinstall denque@1.4.1
267 silly decomposeActions finalize denque@1.4.1
268 silly decomposeActions refresh-package-json denque@1.4.1
269 silly decomposeActions fetch depd@1.1.2
270 silly decomposeActions extract depd@1.1.2
271 silly decomposeActions preinstall depd@1.1.2
272 silly decomposeActions build depd@1.1.2
273 silly decomposeActions install depd@1.1.2
274 silly decomposeActions postinstall depd@1.1.2
275 silly decomposeActions finalize depd@1.1.2
276 silly decomposeActions refresh-package-json depd@1.1.2
277 silly decomposeActions fetch destroy@1.0.4
278 silly decomposeActions extract destroy@1.0.4
279 silly decomposeActions preinstall destroy@1.0.4
280 silly decomposeActions build destroy@1.0.4
281 silly decomposeActions install destroy@1.0.4
282 silly decomposeActions postinstall destroy@1.0.4
283 silly decomposeActions finalize destroy@1.0.4
284 silly decomposeActions refresh-package-json destroy@1.0.4
285 silly decomposeActions fetch ee-first@1.1.1
286 silly decomposeActions extract ee-first@1.1.1
287 silly decomposeActions preinstall ee-first@1.1.1
288 silly decomposeActions build ee-first@1.1.1
289 silly decomposeActions install ee-first@1.1.1
290 silly decomposeActions postinstall ee-first@1.1.1
291 silly decomposeActions finalize ee-first@1.1.1
292 silly decomposeActions refresh-package-json ee-first@1.1.1
293 silly decomposeActions fetch encodeurl@1.0.2
294 silly decomposeActions extract encodeurl@1.0.2
295 silly decomposeActions preinstall encodeurl@1.0.2
296 silly decomposeActions build encodeurl@1.0.2
297 silly decomposeActions install encodeurl@1.0.2
298 silly decomposeActions postinstall encodeurl@1.0.2
299 silly decomposeActions finalize encodeurl@1.0.2
300 silly decomposeActions refresh-package-json encodeurl@1.0.2
301 silly decomposeActions fetch escape-html@1.0.3
302 silly decomposeActions extract escape-html@1.0.3
303 silly decomposeActions preinstall escape-html@1.0.3
304 silly decomposeActions build escape-html@1.0.3
305 silly decomposeActions install escape-html@1.0.3
306 silly decomposeActions postinstall escape-html@1.0.3
307 silly decomposeActions finalize escape-html@1.0.3
308 silly decomposeActions refresh-package-json escape-html@1.0.3
309 silly decomposeActions fetch etag@1.8.1
310 silly decomposeActions extract etag@1.8.1
311 silly decomposeActions preinstall etag@1.8.1
312 silly decomposeActions build etag@1.8.1
313 silly decomposeActions install etag@1.8.1
314 silly decomposeActions postinstall etag@1.8.1
315 silly decomposeActions finalize etag@1.8.1
316 silly decomposeActions refresh-package-json etag@1.8.1
317 silly decomposeActions fetch ms@2.0.0
318 silly decomposeActions extract ms@2.0.0
319 silly decomposeActions preinstall ms@2.0.0
320 silly decomposeActions build ms@2.0.0
321 silly decomposeActions install ms@2.0.0
322 silly decomposeActions postinstall ms@2.0.0
323 silly decomposeActions finalize ms@2.0.0
324 silly decomposeActions refresh-package-json ms@2.0.0
325 silly decomposeActions fetch debug@2.6.9
326 silly decomposeActions extract debug@2.6.9
327 silly decomposeActions preinstall debug@2.6.9
328 silly decomposeActions build debug@2.6.9
329 silly decomposeActions install debug@2.6.9
330 silly decomposeActions postinstall debug@2.6.9
331 silly decomposeActions finalize debug@2.6.9
332 silly decomposeActions refresh-package-json debug@2.6.9
333 silly decomposeActions fetch ms@2.0.0
334 silly decomposeActions extract ms@2.0.0
335 silly decomposeActions preinstall ms@2.0.0
336 silly decomposeActions build ms@2.0.0
337 silly decomposeActions install ms@2.0.0
338 silly decomposeActions postinstall ms@2.0.0
339 silly decomposeActions finalize ms@2.0.0
340 silly decomposeActions refresh-package-json ms@2.0.0
341 silly decomposeActions fetch debug@2.6.9
342 silly decomposeActions extract debug@2.6.9
343 silly decomposeActions preinstall debug@2.6.9
344 silly decomposeActions build debug@2.6.9
345 silly decomposeActions install debug@2.6.9
346 silly decomposeActions postinstall debug@2.6.9
347 silly decomposeActions finalize debug@2.6.9
348 silly decomposeActions refresh-package-json debug@2.6.9
349 silly decomposeActions fetch forwarded@0.1.2
350 silly decomposeActions extract forwarded@0.1.2
351 silly decomposeActions preinstall forwarded@0.1.2
352 silly decomposeActions build forwarded@0.1.2
353 silly decomposeActions install forwarded@0.1.2
354 silly decomposeActions postinstall forwarded@0.1.2
355 silly decomposeActions finalize forwarded@0.1.2
356 silly decomposeActions refresh-package-json forwarded@0.1.2
357 silly decomposeActions fetch fresh@0.5.2
358 silly decomposeActions extract fresh@0.5.2
359 silly decomposeActions preinstall fresh@0.5.2
360 silly decomposeActions build fresh@0.5.2
361 silly decomposeActions install fresh@0.5.2
362 silly decomposeActions postinstall fresh@0.5.2
363 silly decomposeActions finalize fresh@0.5.2
364 silly decomposeActions refresh-package-json fresh@0.5.2
365 silly decomposeActions fetch inherits@2.0.3
366 silly decomposeActions extract inherits@2.0.3
367 silly decomposeActions preinstall inherits@2.0.3
368 silly decomposeActions build inherits@2.0.3
369 silly decomposeActions install inherits@2.0.3
370 silly decomposeActions postinstall inherits@2.0.3
371 silly decomposeActions finalize inherits@2.0.3
372 silly decomposeActions refresh-package-json inherits@2.0.3
373 silly decomposeActions fetch ipaddr.js@1.9.0
374 silly decomposeActions extract ipaddr.js@1.9.0
375 silly decomposeActions preinstall ipaddr.js@1.9.0
376 silly decomposeActions build ipaddr.js@1.9.0
377 silly decomposeActions install ipaddr.js@1.9.0
378 silly decomposeActions postinstall ipaddr.js@1.9.0
379 silly decomposeActions finalize ipaddr.js@1.9.0
380 silly decomposeActions refresh-package-json ipaddr.js@1.9.0
381 silly decomposeActions fetch is-bluebird@1.0.2
382 silly decomposeActions extract is-bluebird@1.0.2
383 silly decomposeActions preinstall is-bluebird@1.0.2
384 silly decomposeActions build is-bluebird@1.0.2
385 silly decomposeActions install is-bluebird@1.0.2
386 silly decomposeActions postinstall is-bluebird@1.0.2
387 silly decomposeActions finalize is-bluebird@1.0.2
388 silly decomposeActions refresh-package-json is-bluebird@1.0.2
389 silly decomposeActions fetch is-property@1.0.2
390 silly decomposeActions extract is-property@1.0.2
391 silly decomposeActions preinstall is-property@1.0.2
392 silly decomposeActions build is-property@1.0.2
393 silly decomposeActions install is-property@1.0.2
394 silly decomposeActions postinstall is-property@1.0.2
395 silly decomposeActions finalize is-property@1.0.2
396 silly decomposeActions refresh-package-json is-property@1.0.2
397 silly decomposeActions fetch generate-function@2.3.1
398 silly decomposeActions extract generate-function@2.3.1
399 silly decomposeActions preinstall generate-function@2.3.1
400 silly decomposeActions build generate-function@2.3.1
401 silly decomposeActions install generate-function@2.3.1
402 silly decomposeActions postinstall generate-function@2.3.1
403 silly decomposeActions finalize generate-function@2.3.1
404 silly decomposeActions refresh-package-json generate-function@2.3.1
405 silly decomposeActions fetch long@4.0.0
406 silly decomposeActions extract long@4.0.0
407 silly decomposeActions preinstall long@4.0.0
408 silly decomposeActions build long@4.0.0
409 silly decomposeActions install long@4.0.0
410 silly decomposeActions postinstall long@4.0.0
411 silly decomposeActions finalize long@4.0.0
412 silly decomposeActions refresh-package-json long@4.0.0
413 silly decomposeActions fetch media-typer@0.3.0
414 silly decomposeActions extract media-typer@0.3.0
415 silly decomposeActions preinstall media-typer@0.3.0
416 silly decomposeActions build media-typer@0.3.0
417 silly decomposeActions install media-typer@0.3.0
418 silly decomposeActions postinstall media-typer@0.3.0
419 silly decomposeActions finalize media-typer@0.3.0
420 silly decomposeActions refresh-package-json media-typer@0.3.0
421 silly decomposeActions fetch merge-descriptors@1.0.1
422 silly decomposeActions extract merge-descriptors@1.0.1
423 silly decomposeActions preinstall merge-descriptors@1.0.1
424 silly decomposeActions build merge-descriptors@1.0.1
425 silly decomposeActions install merge-descriptors@1.0.1
426 silly decomposeActions postinstall merge-descriptors@1.0.1
427 silly decomposeActions finalize merge-descriptors@1.0.1
428 silly decomposeActions refresh-package-json merge-descriptors@1.0.1
429 silly decomposeActions fetch methods@1.1.2
430 silly decomposeActions extract methods@1.1.2
431 silly decomposeActions preinstall methods@1.1.2
432 silly decomposeActions build methods@1.1.2
433 silly decomposeActions install methods@1.1.2
434 silly decomposeActions postinstall methods@1.1.2
435 silly decomposeActions finalize methods@1.1.2
436 silly decomposeActions refresh-package-json methods@1.1.2
437 silly decomposeActions fetch mime@1.4.1
438 silly decomposeActions extract mime@1.4.1
439 silly decomposeActions preinstall mime@1.4.1
440 silly decomposeActions build mime@1.4.1
441 silly decomposeActions install mime@1.4.1
442 silly decomposeActions postinstall mime@1.4.1
443 silly decomposeActions finalize mime@1.4.1
444 silly decomposeActions refresh-package-json mime@1.4.1
445 silly decomposeActions fetch mime-db@1.40.0
446 silly decomposeActions extract mime-db@1.40.0
447 silly decomposeActions preinstall mime-db@1.40.0
448 silly decomposeActions build mime-db@1.40.0
449 silly decomposeActions install mime-db@1.40.0
450 silly decomposeActions postinstall mime-db@1.40.0
451 silly decomposeActions finalize mime-db@1.40.0
452 silly decomposeActions refresh-package-json mime-db@1.40.0
453 silly decomposeActions fetch mime-types@2.1.24
454 silly decomposeActions extract mime-types@2.1.24
455 silly decomposeActions preinstall mime-types@2.1.24
456 silly decomposeActions build mime-types@2.1.24
457 silly decomposeActions install mime-types@2.1.24
458 silly decomposeActions postinstall mime-types@2.1.24
459 silly decomposeActions finalize mime-types@2.1.24
460 silly decomposeActions refresh-package-json mime-types@2.1.24
461 silly decomposeActions fetch moment@2.24.0
462 silly decomposeActions extract moment@2.24.0
463 silly decomposeActions preinstall moment@2.24.0
464 silly decomposeActions build moment@2.24.0
465 silly decomposeActions install moment@2.24.0
466 silly decomposeActions postinstall moment@2.24.0
467 silly decomposeActions finalize moment@2.24.0
468 silly decomposeActions refresh-package-json moment@2.24.0
469 silly decomposeActions fetch ms@2.1.1
470 silly decomposeActions extract ms@2.1.1
471 silly decomposeActions preinstall ms@2.1.1
472 silly decomposeActions build ms@2.1.1
473 silly decomposeActions install ms@2.1.1
474 silly decomposeActions postinstall ms@2.1.1
475 silly decomposeActions finalize ms@2.1.1
476 silly decomposeActions refresh-package-json ms@2.1.1
477 silly decomposeActions fetch negotiator@0.6.2
478 silly decomposeActions extract negotiator@0.6.2
479 silly decomposeActions preinstall negotiator@0.6.2
480 silly decomposeActions build negotiator@0.6.2
481 silly decomposeActions install negotiator@0.6.2
482 silly decomposeActions postinstall negotiator@0.6.2
483 silly decomposeActions finalize negotiator@0.6.2
484 silly decomposeActions refresh-package-json negotiator@0.6.2
485 silly decomposeActions fetch accepts@1.3.7
486 silly decomposeActions extract accepts@1.3.7
487 silly decomposeActions preinstall accepts@1.3.7
488 silly decomposeActions build accepts@1.3.7
489 silly decomposeActions install accepts@1.3.7
490 silly decomposeActions postinstall accepts@1.3.7
491 silly decomposeActions finalize accepts@1.3.7
492 silly decomposeActions refresh-package-json accepts@1.3.7
493 silly decomposeActions fetch on-finished@2.3.0
494 silly decomposeActions extract on-finished@2.3.0
495 silly decomposeActions preinstall on-finished@2.3.0
496 silly decomposeActions build on-finished@2.3.0
497 silly decomposeActions install on-finished@2.3.0
498 silly decomposeActions postinstall on-finished@2.3.0
499 silly decomposeActions finalize on-finished@2.3.0
500 silly decomposeActions refresh-package-json on-finished@2.3.0
501 silly decomposeActions fetch parseurl@1.3.3
502 silly decomposeActions extract parseurl@1.3.3
503 silly decomposeActions preinstall parseurl@1.3.3
504 silly decomposeActions build parseurl@1.3.3
505 silly decomposeActions install parseurl@1.3.3
506 silly decomposeActions postinstall parseurl@1.3.3
507 silly decomposeActions finalize parseurl@1.3.3
508 silly decomposeActions refresh-package-json parseurl@1.3.3
509 silly decomposeActions fetch path-to-regexp@0.1.7
510 silly decomposeActions extract path-to-regexp@0.1.7
511 silly decomposeActions preinstall path-to-regexp@0.1.7
512 silly decomposeActions build path-to-regexp@0.1.7
513 silly decomposeActions install path-to-regexp@0.1.7
514 silly decomposeActions postinstall path-to-regexp@0.1.7
515 silly decomposeActions finalize path-to-regexp@0.1.7
516 silly decomposeActions refresh-package-json path-to-regexp@0.1.7
517 silly decomposeActions fetch proxy-addr@2.0.5
518 silly decomposeActions extract proxy-addr@2.0.5
519 silly decomposeActions preinstall proxy-addr@2.0.5
520 silly decomposeActions build proxy-addr@2.0.5
521 silly decomposeActions install proxy-addr@2.0.5
522 silly decomposeActions postinstall proxy-addr@2.0.5
523 silly decomposeActions finalize proxy-addr@2.0.5
524 silly decomposeActions refresh-package-json proxy-addr@2.0.5
525 silly decomposeActions fetch pseudomap@1.0.2
526 silly decomposeActions extract pseudomap@1.0.2
527 silly decomposeActions preinstall pseudomap@1.0.2
528 silly decomposeActions build pseudomap@1.0.2
529 silly decomposeActions install pseudomap@1.0.2
530 silly decomposeActions postinstall pseudomap@1.0.2
531 silly decomposeActions finalize pseudomap@1.0.2
532 silly decomposeActions refresh-package-json pseudomap@1.0.2
533 silly decomposeActions fetch qs@6.5.2
534 silly decomposeActions extract qs@6.5.2
535 silly decomposeActions preinstall qs@6.5.2
536 silly decomposeActions build qs@6.5.2
537 silly decomposeActions install qs@6.5.2
538 silly decomposeActions postinstall qs@6.5.2
539 silly decomposeActions finalize qs@6.5.2
540 silly decomposeActions refresh-package-json qs@6.5.2
541 silly decomposeActions fetch range-parser@1.2.0
542 silly decomposeActions extract range-parser@1.2.0
543 silly decomposeActions preinstall range-parser@1.2.0
544 silly decomposeActions build range-parser@1.2.0
545 silly decomposeActions install range-parser@1.2.0
546 silly decomposeActions postinstall range-parser@1.2.0
547 silly decomposeActions finalize range-parser@1.2.0
548 silly decomposeActions refresh-package-json range-parser@1.2.0
549 silly decomposeActions fetch safe-buffer@5.1.2
550 silly decomposeActions extract safe-buffer@5.1.2
551 silly decomposeActions preinstall safe-buffer@5.1.2
552 silly decomposeActions build safe-buffer@5.1.2
553 silly decomposeActions install safe-buffer@5.1.2
554 silly decomposeActions postinstall safe-buffer@5.1.2
555 silly decomposeActions finalize safe-buffer@5.1.2
556 silly decomposeActions refresh-package-json safe-buffer@5.1.2
557 silly decomposeActions fetch safer-buffer@2.1.2
558 silly decomposeActions extract safer-buffer@2.1.2
559 silly decomposeActions preinstall safer-buffer@2.1.2
560 silly decomposeActions build safer-buffer@2.1.2
561 silly decomposeActions install safer-buffer@2.1.2
562 silly decomposeActions postinstall safer-buffer@2.1.2
563 silly decomposeActions finalize safer-buffer@2.1.2
564 silly decomposeActions refresh-package-json safer-buffer@2.1.2
565 silly decomposeActions fetch iconv-lite@0.4.23
566 silly decomposeActions extract iconv-lite@0.4.23
567 silly decomposeActions preinstall iconv-lite@0.4.23
568 silly decomposeActions build iconv-lite@0.4.23
569 silly decomposeActions install iconv-lite@0.4.23
570 silly decomposeActions postinstall iconv-lite@0.4.23
571 silly decomposeActions finalize iconv-lite@0.4.23
572 silly decomposeActions refresh-package-json iconv-lite@0.4.23
573 silly decomposeActions fetch iconv-lite@0.4.24
574 silly decomposeActions extract iconv-lite@0.4.24
575 silly decomposeActions preinstall iconv-lite@0.4.24
576 silly decomposeActions build iconv-lite@0.4.24
577 silly decomposeActions install iconv-lite@0.4.24
578 silly decomposeActions postinstall iconv-lite@0.4.24
579 silly decomposeActions finalize iconv-lite@0.4.24
580 silly decomposeActions refresh-package-json iconv-lite@0.4.24
581 silly decomposeActions fetch iconv-lite@0.4.23
582 silly decomposeActions extract iconv-lite@0.4.23
583 silly decomposeActions preinstall iconv-lite@0.4.23
584 silly decomposeActions build iconv-lite@0.4.23
585 silly decomposeActions install iconv-lite@0.4.23
586 silly decomposeActions postinstall iconv-lite@0.4.23
587 silly decomposeActions finalize iconv-lite@0.4.23
588 silly decomposeActions refresh-package-json iconv-lite@0.4.23
589 silly decomposeActions fetch ms@2.0.0
590 silly decomposeActions extract ms@2.0.0
591 silly decomposeActions preinstall ms@2.0.0
592 silly decomposeActions build ms@2.0.0
593 silly decomposeActions install ms@2.0.0
594 silly decomposeActions postinstall ms@2.0.0
595 silly decomposeActions finalize ms@2.0.0
596 silly decomposeActions refresh-package-json ms@2.0.0
597 silly decomposeActions fetch debug@2.6.9
598 silly decomposeActions extract debug@2.6.9
599 silly decomposeActions preinstall debug@2.6.9
600 silly decomposeActions build debug@2.6.9
601 silly decomposeActions install debug@2.6.9
602 silly decomposeActions postinstall debug@2.6.9
603 silly decomposeActions finalize debug@2.6.9
604 silly decomposeActions refresh-package-json debug@2.6.9
605 silly decomposeActions fetch seq-queue@0.0.5
606 silly decomposeActions extract seq-queue@0.0.5
607 silly decomposeActions preinstall seq-queue@0.0.5
608 silly decomposeActions build seq-queue@0.0.5
609 silly decomposeActions install seq-queue@0.0.5
610 silly decomposeActions postinstall seq-queue@0.0.5
611 silly decomposeActions finalize seq-queue@0.0.5
612 silly decomposeActions refresh-package-json seq-queue@0.0.5
613 silly decomposeActions fetch setprototypeof@1.1.0
614 silly decomposeActions extract setprototypeof@1.1.0
615 silly decomposeActions preinstall setprototypeof@1.1.0
616 silly decomposeActions build setprototypeof@1.1.0
617 silly decomposeActions install setprototypeof@1.1.0
618 silly decomposeActions postinstall setprototypeof@1.1.0
619 silly decomposeActions finalize setprototypeof@1.1.0
620 silly decomposeActions refresh-package-json setprototypeof@1.1.0
621 silly decomposeActions fetch shimmer@1.2.1
622 silly decomposeActions extract shimmer@1.2.1
623 silly decomposeActions preinstall shimmer@1.2.1
624 silly decomposeActions build shimmer@1.2.1
625 silly decomposeActions install shimmer@1.2.1
626 silly decomposeActions postinstall shimmer@1.2.1
627 silly decomposeActions finalize shimmer@1.2.1
628 silly decomposeActions refresh-package-json shimmer@1.2.1
629 silly decomposeActions fetch sqlstring@2.3.1
630 silly decomposeActions extract sqlstring@2.3.1
631 silly decomposeActions preinstall sqlstring@2.3.1
632 silly decomposeActions build sqlstring@2.3.1
633 silly decomposeActions install sqlstring@2.3.1
634 silly decomposeActions postinstall sqlstring@2.3.1
635 silly decomposeActions finalize sqlstring@2.3.1
636 silly decomposeActions refresh-package-json sqlstring@2.3.1
637 silly decomposeActions fetch statuses@1.4.0
638 silly decomposeActions extract statuses@1.4.0
639 silly decomposeActions preinstall statuses@1.4.0
640 silly decomposeActions build statuses@1.4.0
641 silly decomposeActions install statuses@1.4.0
642 silly decomposeActions postinstall statuses@1.4.0
643 silly decomposeActions finalize statuses@1.4.0
644 silly decomposeActions refresh-package-json statuses@1.4.0
645 silly decomposeActions fetch http-errors@1.6.3
646 silly decomposeActions extract http-errors@1.6.3
647 silly decomposeActions preinstall http-errors@1.6.3
648 silly decomposeActions build http-errors@1.6.3
649 silly decomposeActions install http-errors@1.6.3
650 silly decomposeActions postinstall http-errors@1.6.3
651 silly decomposeActions finalize http-errors@1.6.3
652 silly decomposeActions refresh-package-json http-errors@1.6.3
653 silly decomposeActions fetch send@0.16.2
654 silly decomposeActions extract send@0.16.2
655 silly decomposeActions preinstall send@0.16.2
656 silly decomposeActions build send@0.16.2
657 silly decomposeActions install send@0.16.2
658 silly decomposeActions postinstall send@0.16.2
659 silly decomposeActions finalize send@0.16.2
660 silly decomposeActions refresh-package-json send@0.16.2
661 silly decomposeActions fetch serve-static@1.13.2
662 silly decomposeActions extract serve-static@1.13.2
663 silly decomposeActions preinstall serve-static@1.13.2
664 silly decomposeActions build serve-static@1.13.2
665 silly decomposeActions install serve-static@1.13.2
666 silly decomposeActions postinstall serve-static@1.13.2
667 silly decomposeActions finalize serve-static@1.13.2
668 silly decomposeActions refresh-package-json serve-static@1.13.2
669 silly decomposeActions fetch type-is@1.6.18
670 silly decomposeActions extract type-is@1.6.18
671 silly decomposeActions preinstall type-is@1.6.18
672 silly decomposeActions build type-is@1.6.18
673 silly decomposeActions install type-is@1.6.18
674 silly decomposeActions postinstall type-is@1.6.18
675 silly decomposeActions finalize type-is@1.6.18
676 silly decomposeActions refresh-package-json type-is@1.6.18
677 silly decomposeActions fetch unpipe@1.0.0
678 silly decomposeActions extract unpipe@1.0.0
679 silly decomposeActions preinstall unpipe@1.0.0
680 silly decomposeActions build unpipe@1.0.0
681 silly decomposeActions install unpipe@1.0.0
682 silly decomposeActions postinstall unpipe@1.0.0
683 silly decomposeActions finalize unpipe@1.0.0
684 silly decomposeActions refresh-package-json unpipe@1.0.0
685 silly decomposeActions fetch finalhandler@1.1.1
686 silly decomposeActions extract finalhandler@1.1.1
687 silly decomposeActions preinstall finalhandler@1.1.1
688 silly decomposeActions build finalhandler@1.1.1
689 silly decomposeActions install finalhandler@1.1.1
690 silly decomposeActions postinstall finalhandler@1.1.1
691 silly decomposeActions finalize finalhandler@1.1.1
692 silly decomposeActions refresh-package-json finalhandler@1.1.1
693 silly decomposeActions fetch raw-body@2.3.3
694 silly decomposeActions extract raw-body@2.3.3
695 silly decomposeActions preinstall raw-body@2.3.3
696 silly decomposeActions build raw-body@2.3.3
697 silly decomposeActions install raw-body@2.3.3
698 silly decomposeActions postinstall raw-body@2.3.3
699 silly decomposeActions finalize raw-body@2.3.3
700 silly decomposeActions refresh-package-json raw-body@2.3.3
701 silly decomposeActions fetch body-parser@1.18.3
702 silly decomposeActions extract body-parser@1.18.3
703 silly decomposeActions preinstall body-parser@1.18.3
704 silly decomposeActions build body-parser@1.18.3
705 silly decomposeActions install body-parser@1.18.3
706 silly decomposeActions postinstall body-parser@1.18.3
707 silly decomposeActions finalize body-parser@1.18.3
708 silly decomposeActions refresh-package-json body-parser@1.18.3
709 silly decomposeActions fetch utils-merge@1.0.1
710 silly decomposeActions extract utils-merge@1.0.1
711 silly decomposeActions preinstall utils-merge@1.0.1
712 silly decomposeActions build utils-merge@1.0.1
713 silly decomposeActions install utils-merge@1.0.1
714 silly decomposeActions postinstall utils-merge@1.0.1
715 silly decomposeActions finalize utils-merge@1.0.1
716 silly decomposeActions refresh-package-json utils-merge@1.0.1
717 silly decomposeActions fetch vary@1.1.2
718 silly decomposeActions extract vary@1.1.2
719 silly decomposeActions preinstall vary@1.1.2
720 silly decomposeActions build vary@1.1.2
721 silly decomposeActions install vary@1.1.2
722 silly decomposeActions postinstall vary@1.1.2
723 silly decomposeActions finalize vary@1.1.2
724 silly decomposeActions refresh-package-json vary@1.1.2
725 silly decomposeActions fetch yallist@2.1.2
726 silly decomposeActions extract yallist@2.1.2
727 silly decomposeActions preinstall yallist@2.1.2
728 silly decomposeActions build yallist@2.1.2
729 silly decomposeActions install yallist@2.1.2
730 silly decomposeActions postinstall yallist@2.1.2
731 silly decomposeActions finalize yallist@2.1.2
732 silly decomposeActions refresh-package-json yallist@2.1.2
733 silly decomposeActions fetch lru-cache@4.1.5
734 silly decomposeActions extract lru-cache@4.1.5
735 silly decomposeActions preinstall lru-cache@4.1.5
736 silly decomposeActions build lru-cache@4.1.5
737 silly decomposeActions install lru-cache@4.1.5
738 silly decomposeActions postinstall lru-cache@4.1.5
739 silly decomposeActions finalize lru-cache@4.1.5
740 silly decomposeActions refresh-package-json lru-cache@4.1.5
741 silly decomposeActions fetch named-placeholders@1.1.2
742 silly decomposeActions extract named-placeholders@1.1.2
743 silly decomposeActions preinstall named-placeholders@1.1.2
744 silly decomposeActions build named-placeholders@1.1.2
745 silly decomposeActions install named-placeholders@1.1.2
746 silly decomposeActions postinstall named-placeholders@1.1.2
747 silly decomposeActions finalize named-placeholders@1.1.2
748 silly decomposeActions refresh-package-json named-placeholders@1.1.2
749 silly decomposeActions fetch cls-bluebird@2.1.0
750 silly decomposeActions extract cls-bluebird@2.1.0
751 silly decomposeActions preinstall cls-bluebird@2.1.0
752 silly decomposeActions build cls-bluebird@2.1.0
753 silly decomposeActions install cls-bluebird@2.1.0
754 silly decomposeActions postinstall cls-bluebird@2.1.0
755 silly decomposeActions finalize cls-bluebird@2.1.0
756 silly decomposeActions refresh-package-json cls-bluebird@2.1.0
757 silly decomposeActions fetch debug@4.1.1
758 silly decomposeActions extract debug@4.1.1
759 silly decomposeActions preinstall debug@4.1.1
760 silly decomposeActions build debug@4.1.1
761 silly decomposeActions install debug@4.1.1
762 silly decomposeActions postinstall debug@4.1.1
763 silly decomposeActions finalize debug@4.1.1
764 silly decomposeActions refresh-package-json debug@4.1.1
765 silly decomposeActions fetch dottie@2.0.1
766 silly decomposeActions extract dottie@2.0.1
767 silly decomposeActions preinstall dottie@2.0.1
768 silly decomposeActions build dottie@2.0.1
769 silly decomposeActions install dottie@2.0.1
770 silly decomposeActions postinstall dottie@2.0.1
771 silly decomposeActions finalize dottie@2.0.1
772 silly decomposeActions refresh-package-json dottie@2.0.1
773 silly decomposeActions fetch express@4.16.4
774 silly decomposeActions extract express@4.16.4
775 silly decomposeActions preinstall express@4.16.4
776 silly decomposeActions build express@4.16.4
777 silly decomposeActions install express@4.16.4
778 silly decomposeActions postinstall express@4.16.4
779 silly decomposeActions finalize express@4.16.4
780 silly decomposeActions refresh-package-json express@4.16.4
781 silly decomposeActions fetch inflection@1.12.0
782 silly decomposeActions extract inflection@1.12.0
783 silly decomposeActions preinstall inflection@1.12.0
784 silly decomposeActions build inflection@1.12.0
785 silly decomposeActions install inflection@1.12.0
786 silly decomposeActions postinstall inflection@1.12.0
787 silly decomposeActions finalize inflection@1.12.0
788 silly decomposeActions refresh-package-json inflection@1.12.0
789 silly decomposeActions fetch lodash@4.17.11
790 silly decomposeActions extract lodash@4.17.11
791 silly decomposeActions preinstall lodash@4.17.11
792 silly decomposeActions build lodash@4.17.11
793 silly decomposeActions install lodash@4.17.11
794 silly decomposeActions postinstall lodash@4.17.11
795 silly decomposeActions finalize lodash@4.17.11
796 silly decomposeActions refresh-package-json lodash@4.17.11
797 silly decomposeActions fetch moment-timezone@0.5.25
798 silly decomposeActions extract moment-timezone@0.5.25
799 silly decomposeActions preinstall moment-timezone@0.5.25
800 silly decomposeActions build moment-timezone@0.5.25
801 silly decomposeActions install moment-timezone@0.5.25
802 silly decomposeActions postinstall moment-timezone@0.5.25
803 silly decomposeActions finalize moment-timezone@0.5.25
804 silly decomposeActions refresh-package-json moment-timezone@0.5.25
805 silly decomposeActions fetch mysql2@1.6.5
806 silly decomposeActions extract mysql2@1.6.5
807 silly decomposeActions preinstall mysql2@1.6.5
808 silly decomposeActions build mysql2@1.6.5
809 silly decomposeActions install mysql2@1.6.5
810 silly decomposeActions postinstall mysql2@1.6.5
811 silly decomposeActions finalize mysql2@1.6.5
812 silly decomposeActions refresh-package-json mysql2@1.6.5
813 silly decomposeActions fetch retry-as-promised@3.2.0
814 silly decomposeActions extract retry-as-promised@3.2.0
815 silly decomposeActions preinstall retry-as-promised@3.2.0
816 silly decomposeActions build retry-as-promised@3.2.0
817 silly decomposeActions install retry-as-promised@3.2.0
818 silly decomposeActions postinstall retry-as-promised@3.2.0
819 silly decomposeActions finalize retry-as-promised@3.2.0
820 silly decomposeActions refresh-package-json retry-as-promised@3.2.0
821 silly decomposeActions fetch semver@5.7.0
822 silly decomposeActions extract semver@5.7.0
823 silly decomposeActions preinstall semver@5.7.0
824 silly decomposeActions build semver@5.7.0
825 silly decomposeActions install semver@5.7.0
826 silly decomposeActions postinstall semver@5.7.0
827 silly decomposeActions finalize semver@5.7.0
828 silly decomposeActions refresh-package-json semver@5.7.0
829 silly decomposeActions fetch sequelize-pool@1.0.2
830 silly decomposeActions extract sequelize-pool@1.0.2
831 silly decomposeActions preinstall sequelize-pool@1.0.2
832 silly decomposeActions build sequelize-pool@1.0.2
833 silly decomposeActions install sequelize-pool@1.0.2
834 silly decomposeActions postinstall sequelize-pool@1.0.2
835 silly decomposeActions finalize sequelize-pool@1.0.2
836 silly decomposeActions refresh-package-json sequelize-pool@1.0.2
837 silly decomposeActions fetch toposort-class@1.0.1
838 silly decomposeActions extract toposort-class@1.0.1
839 silly decomposeActions preinstall toposort-class@1.0.1
840 silly decomposeActions build toposort-class@1.0.1
841 silly decomposeActions install toposort-class@1.0.1
842 silly decomposeActions postinstall toposort-class@1.0.1
843 silly decomposeActions finalize toposort-class@1.0.1
844 silly decomposeActions refresh-package-json toposort-class@1.0.1
845 silly decomposeActions fetch uuid@3.3.2
846 silly decomposeActions extract uuid@3.3.2
847 silly decomposeActions preinstall uuid@3.3.2
848 silly decomposeActions build uuid@3.3.2
849 silly decomposeActions install uuid@3.3.2
850 silly decomposeActions postinstall uuid@3.3.2
851 silly decomposeActions finalize uuid@3.3.2
852 silly decomposeActions refresh-package-json uuid@3.3.2
853 silly decomposeActions fetch validator@10.11.0
854 silly decomposeActions extract validator@10.11.0
855 silly decomposeActions preinstall validator@10.11.0
856 silly decomposeActions build validator@10.11.0
857 silly decomposeActions install validator@10.11.0
858 silly decomposeActions postinstall validator@10.11.0
859 silly decomposeActions finalize validator@10.11.0
860 silly decomposeActions refresh-package-json validator@10.11.0
861 silly decomposeActions fetch wkx@0.4.6
862 silly decomposeActions extract wkx@0.4.6
863 silly decomposeActions preinstall wkx@0.4.6
864 silly decomposeActions build wkx@0.4.6
865 silly decomposeActions install wkx@0.4.6
866 silly decomposeActions postinstall wkx@0.4.6
867 silly decomposeActions finalize wkx@0.4.6
868 silly decomposeActions refresh-package-json wkx@0.4.6
869 silly decomposeActions fetch sequelize@5.8.5
870 silly decomposeActions extract sequelize@5.8.5
871 silly decomposeActions preinstall sequelize@5.8.5
872 silly decomposeActions build sequelize@5.8.5
873 silly decomposeActions install sequelize@5.8.5
874 silly decomposeActions postinstall sequelize@5.8.5
875 silly decomposeActions finalize sequelize@5.8.5
876 silly decomposeActions refresh-package-json sequelize@5.8.5
877 silly install executeActions
878 silly doSerial global-install 704
879 verbose correctMkdir C:\Users\kalic\OneDrive\Desktop\mycoding-bootcamp-homework\project-3-express\NODEJSnpm-cache\_locks correctMkdir not in flight; initializing
880 timing audit compress Completed in 7ms
881 info audit Submitting payload of 5842bytes
882 verbose lock using C:\Users\kalic\OneDrive\Desktop\mycoding-bootcamp-homework\project-3-express\NODEJSnpm-cache\_locks\staging-7be453bfe03c8eef.lock for C:\Users\kalic\OneDrive\Desktop\mycoding-bootcamp-homework\project-3-express\node_modules\.staging
883 silly doParallel extract 88
884 silly extract @types/node@12.0.0
885 silly extract any-promise@1.3.0
886 silly extract bluebird@3.5.4
887 silly extract is-bluebird@1.0.2
888 silly extract moment@2.24.0
889 silly extract ms@2.1.1
890 silly tarball trying @types/node@* by hash: sha512-Jrb/x3HT4PTJp6a4avhmJCDEVrPdqLfl3e8GGMbpkGGdwAV5UGlIs4vVEfsHHfylZVOKZWpOqmqFH8CbfOZ6kg==
891 silly tarball trying any-promise@^1.3.0 by hash: sha1-q8av7tzqUugJzcA3au0845Y10X8=
892 silly extract array-flatten@1.1.1
893 silly tarball trying bluebird@^3.5.0 by hash: sha512-FG+nFEZChJrbQ9tIccIfZJBz3J7mLrAhxakAbnrJWn8d7aKOC+LWifa0G+p4ZqKp4y13T7juYvdhq9NzKdsrjw==
894 silly extract ms@2.0.0
895 silly extract debug@2.6.9
896 silly extract bytes@3.0.0
897 silly extract content-disposition@0.5.2
898 silly extract content-type@1.0.4
899 silly extract cookie@0.3.1
900 silly extract cookie-signature@1.0.6
901 silly extract denque@1.4.1
902 silly extract depd@1.1.2
903 silly extract destroy@1.0.4
904 silly extract ee-first@1.1.1
905 silly extract encodeurl@1.0.2
906 silly extract escape-html@1.0.3
907 silly extract etag@1.8.1
908 silly extract ms@2.0.0
909 silly extract debug@2.6.9
910 silly extract ms@2.0.0
911 silly extract debug@2.6.9
912 silly extract forwarded@0.1.2
913 silly extract fresh@0.5.2
914 silly extract inherits@2.0.3
915 silly extract ipaddr.js@1.9.0
916 silly tarball trying is-bluebird@^1.0.2 by hash: sha1-CWQ5Bg9KpBGr7hkUOoTWpVNG1uI=
917 silly extract is-property@1.0.2
918 silly extract generate-function@2.3.1
919 silly extract long@4.0.0
920 silly extract media-typer@0.3.0
921 silly extract merge-descriptors@1.0.1
922 silly extract methods@1.1.2
923 silly extract mime@1.4.1
924 silly extract mime-db@1.40.0
925 silly extract mime-types@2.1.24
926 silly tarball trying moment@^2.24.0 by hash: sha512-bV7f+6l2QigeBBZSM/6yTNq4P2fNpSWj/0e7jQcy87A8e7o2nAfP/34/2ky5Vw4B9S446EtIhodAzkFCcR4dQg==
927 silly tarball trying ms@^2.1.1 by hash: sha512-tgp+dl5cGk28utYktBsrFqA7HKgrhgPsg6Z/EfhWI4gl1Hwq8B/GmY/0oXZ6nF8hDVesS/FpnYaD/kOWhYQvyg==
928 silly extract negotiator@0.6.2
929 silly extract accepts@1.3.7
930 silly extract on-finished@2.3.0
931 silly extract parseurl@1.3.3
932 silly extract path-to-regexp@0.1.7
933 silly extract proxy-addr@2.0.5
934 silly extract pseudomap@1.0.2
935 silly extract qs@6.5.2
936 silly extract range-parser@1.2.0
937 silly extract safe-buffer@5.1.2
938 silly extract safer-buffer@2.1.2
939 silly extract iconv-lite@0.4.23
940 silly tarball trying array-flatten@1.1.1 by hash: sha1-ml9pkFGx5wczKPKgCJaLZOopVdI=
941 silly tarball trying ms@2.0.0 by hash: sha1-VgiurfwAvmwpAd9fmGF4jeDVl8g=
942 silly tarball trying debug@2.6.9 by hash: sha512-bC7ElrdJaJnPbAP+1EotYvqZsb3ecl5wi6Bfi6BJTUcNowp6cvspg0jXznRTKDjm/E7AdgFBVeAPVMNcKGsHMA==
943 silly tarball trying bytes@3.0.0 by hash: sha1-0ygVQE1olpn4Wk6k+odV3ROpYEg=
944 silly tarball trying content-disposition@0.5.2 by hash: sha1-DPaLud318r55YcOoUXjLhdunjLQ=
945 silly tarball trying content-type@1.0.4 by hash: sha512-hIP3EEPs8tB9AT1L+NUqtwOAps4mk2Zob89MWXMHjHWg9milF/j4osnnQLXBCBFBk/tvIG/tUc9mOUJiPBhPXA==
946 silly tarball trying cookie@0.3.1 by hash: sha1-5+Ch+e9DtMi6klxcWpboBtFoc7s=
947 silly tarball trying cookie-signature@1.0.6 by hash: sha1-4wOogrNCzD7oylE6eZmXNNqzriw=
948 silly tarball trying denque@1.4.1 by hash: sha512-OfzPuSZKGcgr96rf1oODnfjqBFmr1DVoc/TrItj3Ohe0Ah1C5WX5Baquw/9U9KovnQ88EqmJbD66rKYUQYN1tQ==
949 silly tarball trying depd@1.1.2 by hash: sha1-m81S4UwJd2PnSbJ0xDRu0uVgtak=
950 silly tarball trying destroy@1.0.4 by hash: sha1-l4hXRCxEdJ5CBmE+N5RiBYJqvYA=
951 silly tarball trying ee-first@1.1.1 by hash: sha1-WQxhFWsK4vTwJVcyoViyZrxWsh0=
952 silly tarball trying encodeurl@1.0.2 by hash: sha1-rT/0yG7C0CkyL1oCw6mmBslbP1k=
953 silly tarball trying escape-html@1.0.3 by hash: sha1-Aljq5NPQwJdN4cFpGI7wBR0dGYg=
954 silly tarball trying etag@1.8.1 by hash: sha1-Qa4u62XvpiJorr/qg6x9eSmbCIc=
955 silly tarball trying ms@2.0.0 by hash: sha1-VgiurfwAvmwpAd9fmGF4jeDVl8g=
956 silly tarball trying debug@2.6.9 by hash: sha512-bC7ElrdJaJnPbAP+1EotYvqZsb3ecl5wi6Bfi6BJTUcNowp6cvspg0jXznRTKDjm/E7AdgFBVeAPVMNcKGsHMA==
957 silly tarball trying ms@2.0.0 by hash: sha1-VgiurfwAvmwpAd9fmGF4jeDVl8g=
958 silly tarball trying debug@2.6.9 by hash: sha512-bC7ElrdJaJnPbAP+1EotYvqZsb3ecl5wi6Bfi6BJTUcNowp6cvspg0jXznRTKDjm/E7AdgFBVeAPVMNcKGsHMA==
959 silly tarball trying forwarded@0.1.2 by hash: sha1-mMI9qxF1ZXuMBXPozszZGw/xjIQ=
960 silly tarball trying fresh@0.5.2 by hash: sha1-PYyt2Q2XZWn6g1qx+OSyOhBWBac=
961 silly tarball trying inherits@2.0.3 by hash: sha1-Yzwsg+PaQqUC9SRmAiSA9CCCYd4=
962 silly tarball trying ipaddr.js@1.9.0 by hash: sha512-M4Sjn6N/+O6/IXSJseKqHoFc+5FdGJ22sXqnjTpdZweHK64MzEPAyQZyEU3R/KRv2GLoa7nNtg/C2Ev6m7z+eA==
963 silly tarball trying is-property@1.0.2 by hash: sha1-V/4cTkhHTt1lsJkR8msc1Ald2oQ=
964 silly tarball trying generate-function@2.3.1 by hash: sha512-eeB5GfMNeevm/GRYq20ShmsaGcmI81kIX2K9XQx5miC8KdHaC6Jm0qQ8ZNeGOi7wYB8OsdxKs+Y2oVuTFuVwKQ==
965 silly tarball trying long@4.0.0 by hash: sha512-XsP+KhQif4bjX1kbuSiySJFNAehNxgLb6hPRGJ9QsUr8ajHkuXGdrHmFUTUUXhDwVX2R5bY4JNZEwbUiMhV+MA==
966 silly tarball trying media-typer@0.3.0 by hash: sha1-hxDXrwqmJvj/+hzgAWhUUmMlV0g=
967 silly tarball trying merge-descriptors@1.0.1 by hash: sha1-sAqqVW3YtEVoFQ7J0blT8/kMu2E=
968 silly tarball trying methods@1.1.2 by hash: sha1-VSmk1nZUE07cxSZmVoNbD4Ua/O4=
969 silly tarball trying mime@1.4.1 by hash: sha512-KI1+qOZu5DcW6wayYHSzR/tXKCDC5Om4s1z2QJjDULzLcmf3DvzS7oluY4HCTrc+9FiKmWUgeNLg7W3uIQvxtQ==
970 silly tarball trying mime-db@1.40.0 by hash: sha512-jYdeOMPy9vnxEqFRRo6ZvTZ8d9oPb+k18PKoYNYUe2stVEBPPwsln/qWzdbmaIvnhZ9v2P+CuecK+fpUfsV2mA==
971 silly tarball trying mime-types@2.1.24 by hash: sha512-WaFHS3MCl5fapm3oLxU4eYDw77IQM2ACcxQ9RIxfaC3ooc6PFuBMGZZsYpvoXS5D5QTWPieo1jjLdAm3TBP3cQ==
972 silly tarball trying negotiator@0.6.2 by hash: sha512-hZXc7K2e+PgeI1eDBe/10Ard4ekbfrrqG8Ep+8Jmf4JID2bNg7NvCPOZN+kfF574pFQI7mum2AUqDidoKqcTOw==
973 silly tarball trying accepts@1.3.7 by hash: sha512-Il80Qs2WjYlJIBNzNkK6KYqlVMTbZLXgHx2oT0pU/fjRHyEp+PEfEPY0R3WCwAGVOtauxh1hOxNgIf5bv7dQpA==
974 silly tarball trying on-finished@2.3.0 by hash: sha1-IPEzZIGwg811M3mSoWlxqi2QaUc=
975 silly tarball trying parseurl@1.3.3 by hash: sha512-CiyeOxFT/JZyN5m0z9PfXw4SCBJ6Sygz1Dpl0wqjlhDEGGBP1GnsUVEL0p63hoG1fcj3fHynXi9NYO4nWOL+qQ==
976 silly tarball trying path-to-regexp@0.1.7 by hash: sha1-32BBeABfUi8V60SQ5yR6G/qmf4w=
977 silly tarball trying proxy-addr@2.0.5 by hash: sha512-t/7RxHXPH6cJtP0pRG6smSr9QJidhB+3kXu0KgXnbGYMgzEnUxRQ4/LDdfOwZEMyIh3/xHb8PX3t+lfL9z+YVQ==
978 silly tarball trying pseudomap@1.0.2 by hash: sha1-8FKijacOYYkX7wqKw0wa5aaChrM=
979 silly tarball trying qs@6.5.2 by hash: sha512-N5ZAX4/LxJmF+7wN74pUD6qAh9/wnvdQcjq9TZjevvXzSUo7bfmw91saqMjzGS2xq91/odN2dW/WOl7qQHNDGA==
980 silly tarball trying range-parser@1.2.0 by hash: sha1-9JvmtIeJTdxA3MlKMi9hEJLgDV4=
981 silly tarball trying safe-buffer@5.1.2 by hash: sha512-Gd2UZBJDkXlY7GbJxfsE8/nvKkUEU1G38c1siN6QP6a9PT9MmHB8GnpscSmMJSoF8LOIrt8ud/wPtojys4G6+g==
982 silly tarball trying safer-buffer@2.1.2 by hash: sha512-YZo3K82SD7Riyi0E1EQPojLz7kpepnSQI9IyPbHHg1XXXevb5dJI7tpyN2ADxGcQbHG7vcyRHk0cbwqcQriUtg==
983 silly tarball trying iconv-lite@0.4.23 by hash: sha512-neyTUVFtahjf0mB3dZT77u+8O0QB89jFdnBkd5P1JgYPbPaia3gXXOVL2fq8VyU2gMMD7SaN7QukTB/pmXYvDA==
984 timing audit submit Completed in 990ms
985 http fetch POST 200 http://registry.npmjs.org/-/npm/v1/security/audits/quick 989ms
986 timing audit body Completed in 1ms
987 silly extract ms@^2.1.1 extracted to C:\Users\kalic\OneDrive\Desktop\mycoding-bootcamp-homework\project-3-express\node_modules\.staging\ms-3ae79b24 (925ms)
988 silly extract ms@2.0.0 extracted to C:\Users\kalic\OneDrive\Desktop\mycoding-bootcamp-homework\project-3-express\node_modules\.staging\ms-ef9526df (918ms)
989 silly extract array-flatten@1.1.1 extracted to C:\Users\kalic\OneDrive\Desktop\mycoding-bootcamp-homework\project-3-express\node_modules\.staging\array-flatten-6842b5ee (920ms)
990 silly extract destroy@1.0.4 extracted to C:\Users\kalic\OneDrive\Desktop\mycoding-bootcamp-homework\project-3-express\node_modules\.staging\destroy-e4e61544 (912ms)
991 silly extract ee-first@1.1.1 extracted to C:\Users\kalic\OneDrive\Desktop\mycoding-bootcamp-homework\project-3-express\node_modules\.staging\ee-first-75c107fc (911ms)
992 silly extract escape-html@1.0.3 extracted to C:\Users\kalic\OneDrive\Desktop\mycoding-bootcamp-homework\project-3-express\node_modules\.staging\escape-html-9ef99d54 (910ms)
993 silly extract ms@2.0.0 extracted to C:\Users\kalic\OneDrive\Desktop\mycoding-bootcamp-homework\project-3-express\node_modules\.staging\ms-b4a7f1f1 (909ms)
994 silly extract sequelize@5.8.5
995 silly extract wkx@0.4.6
996 silly extract validator@10.11.0
997 silly extract uuid@3.3.2
998 silly extract toposort-class@1.0.1
999 silly extract sequelize-pool@1.0.2
1000 silly tarball trying sequelize@latest by hash: sha512-FvI3ceqYnNmgbBDeMvD7kdPFAnqelchiMavM+v+1SC+J19M4NThLSxrYL+yJWUJCSe++dHTyv2MEe7OBDVL6mw==
1001 silly tarball trying wkx@^0.4.6 by hash: sha512-LHxXlzRCYQXA9ZHgs8r7Gafh0gVOE8o3QmudM1PIkOdkXXjW7Thcl+gb2P2dRuKgW8cqkitCRZkkjtmWzpHi7A==
1002 silly tarball trying validator@^10.11.0 by hash: sha512-X/p3UZerAIsbBfN/IwahhYaBbY68EN/UQBWHtsbXGT5bfrH/p4NQzUCG1kF/rtKaNpnJ7jAu6NGTdSNtyNIXMw==
1003 silly tarball trying uuid@^3.2.1 by hash: sha512-yXJmeNaw3DnnKAOKJE51sL/ZaYfWJRl1pK9dr19YFCu0ObS231AB1/LbqTKRAQ5kw8A90rA6fr4riOUpTZvQZA==
1004 silly tarball trying toposort-class@^1.0.1 by hash: sha1-f/0feMi+KMO6Rc1OGj9e4ZO9mYg=
1005 silly tarball trying sequelize-pool@^1.0.2 by hash: sha512-VMKl/gCCdIvB1gFZ7p+oqLFEyZEz3oMMYjkKvfEC7GoO9bBcxmfOOU9RdkoltfXGgBZFigSChihRly2gKtsh2w==
1006 silly extract bytes@3.0.0 extracted to C:\Users\kalic\OneDrive\Desktop\mycoding-bootcamp-homework\project-3-express\node_modules\.staging\bytes-b0002fc2 (951ms)
1007 silly extract content-type@1.0.4 extracted to C:\Users\kalic\OneDrive\Desktop\mycoding-bootcamp-homework\project-3-express\node_modules\.staging\content-type-820fbdf9 (949ms)
1008 silly extract cookie-signature@1.0.6 extracted to C:\Users\kalic\OneDrive\Desktop\mycoding-bootcamp-homework\project-3-express\node_modules\.staging\cookie-signature-93a836aa (948ms)
1009 silly extract denque@1.4.1 extracted to C:\Users\kalic\OneDrive\Desktop\mycoding-bootcamp-homework\project-3-express\node_modules\.staging\denque-8b2cc60b (947ms)
1010 silly extract encodeurl@1.0.2 extracted to C:\Users\kalic\OneDrive\Desktop\mycoding-bootcamp-homework\project-3-express\node_modules\.staging\encodeurl-e1ba2e7e (945ms)
1011 silly extract etag@1.8.1 extracted to C:\Users\kalic\OneDrive\Desktop\mycoding-bootcamp-homework\project-3-express\node_modules\.staging\etag-8b59ab02 (944ms)
1012 silly extract forwarded@0.1.2 extracted to C:\Users\kalic\OneDrive\Desktop\mycoding-bootcamp-homework\project-3-express\node_modules\.staging\forwarded-527a57e4 (941ms)
1013 silly extract fresh@0.5.2 extracted to C:\Users\kalic\OneDrive\Desktop\mycoding-bootcamp-homework\project-3-express\node_modules\.staging\fresh-5047433d (941ms)
1014 silly extract ms@2.0.0 extracted to C:\Users\kalic\OneDrive\Desktop\mycoding-bootcamp-homework\project-3-express\node_modules\.staging\ms-2f0d9e7c (943ms)
1015 silly extract media-typer@0.3.0 extracted to C:\Users\kalic\OneDrive\Desktop\mycoding-bootcamp-homework\project-3-express\node_modules\.staging\media-typer-6d7004e4 (935ms)
1016 silly extract semver@5.7.0
1017 silly extract retry-as-promised@3.2.0
1018 silly extract moment-timezone@0.5.25
1019 silly extract lodash@4.17.11
1020 silly extract inflection@1.12.0
1021 silly extract dottie@2.0.1
1022 silly extract debug@4.1.1
1023 silly extract cls-bluebird@2.1.0
1024 silly tarball trying semver@^5.6.0 by hash: sha512-Ya52jSX2u7QKghxeoFGpLwCtGlt7j0oY9DYb5apt9nPlJ42ID+ulTXESnt/qAQcoSERyZ5sl3LDIOw0nAn/5DA==
1025 silly tarball trying retry-as-promised@^3.1.0 by hash: sha512-CybGs60B7oYU/qSQ6kuaFmRd9sTZ6oXSc0toqePvV74Ac6/IFZSI1ReFQmtCN+uvW1Mtqdwpvt/LGOiCBAY2Mg==
1026 silly extract mysql2@1.6.5
1027 silly tarball trying moment-timezone@^0.5.21 by hash: sha512-DgEaTyN/z0HFaVcVbSyVCUU6HeFdnNC3vE4c9cgu2dgMTvjBUBdBzWfasTBmAW45u5OIMeCJtU8yNjM22DHucw==
1028 silly tarball trying lodash@^4.17.11 by hash: sha512-cQKh8igo5QUhZ7lg38DYWAxMvjSAKG0A8wGSVimP07SIUEK2UO+arSRKbRZWtelMtN5V0Hkwh5ryOto/SshYIg==
1029 silly tarball trying inflection@1.12.0 by hash: sha1-ogCTVlbW9fa8TcdQLhrstwMihBY=
1030 silly extract express@4.16.4
1031 silly tarball trying dottie@^2.0.0 by hash: sha512-ch5OQgvGDK2u8pSZeSYAQaV/lczImd7pMJ7BcEPXmnFVjy4yJIzP6CsODJUTH8mg1tyH1Z2abOiuJO3DjZ/GBw==
1032 silly tarball trying debug@^4.1.1 by hash: sha512-pYAIzeRo8J6KPEaJ0VWOh5Pzkbw/RetuzehGM7QRRX5he4fPHx2rdKMB256ehJCkX+XRQm16eZLqLNS8RSZXZw==
1033 silly tarball trying cls-bluebird@^2.1.0 by hash: sha1-N+8eCAqP+1XC9BZPU28ZGeeWiu4=
1034 silly extract named-placeholders@1.1.2
1035 silly tarball trying mysql2@1.6.5 by hash: sha512-zedaOOyb3msuuZcJJnxIX/EGOpmljDG7B+UevRH5lqcv+yhy9eCwkArBz8/AO+/rlY3/oCsOdG8R5oD6k0hNfg==
1036 silly tarball trying express@4.16.4 by hash: sha512-j12Uuyb4FMrd/qQAm6uCHAkPtO8FDTRJZBDd5D2KOL2eLaz1yUNdUB/NOIyq0iU4q4cFarsUCrnFDPBcnksuOg==
1037 silly tarball trying named-placeholders@1.1.2 by hash: sha512-wiFWqxoLL3PGVReSZpjLVxyJ1bRqe+KKJVbr4hGs1KWfTZTQyezHFBbuKj9hsizHyGV2ne7EMjHdxEGAybD5SA==
1038 silly extract merge-descriptors@1.0.1 extracted to C:\Users\kalic\OneDrive\Desktop\mycoding-bootcamp-homework\project-3-express\node_modules\.staging\merge-descriptors-7cdfb63f (993ms)
1039 silly extract methods@1.1.2 extracted to C:\Users\kalic\OneDrive\Desktop\mycoding-bootcamp-homework\project-3-express\node_modules\.staging\methods-5e3f9b40 (992ms)
1040 silly extract mime-types@2.1.24 extracted to C:\Users\kalic\OneDrive\Desktop\mycoding-bootcamp-homework\project-3-express\node_modules\.staging\mime-types-b4c98ad8 (991ms)
1041 silly extract accepts@1.3.7 extracted to C:\Users\kalic\OneDrive\Desktop\mycoding-bootcamp-homework\project-3-express\node_modules\.staging\accepts-cb2b32a3 (984ms)
1042 silly extract on-finished@2.3.0 extracted to C:\Users\kalic\OneDrive\Desktop\mycoding-bootcamp-homework\project-3-express\node_modules\.staging\on-finished-4b086d65 (983ms)
1043 silly extract parseurl@1.3.3 extracted to C:\Users\kalic\OneDrive\Desktop\mycoding-bootcamp-homework\project-3-express\node_modules\.staging\parseurl-00b30d7d (982ms)
1044 silly extract path-to-regexp@0.1.7 extracted to C:\Users\kalic\OneDrive\Desktop\mycoding-bootcamp-homework\project-3-express\node_modules\.staging\path-to-regexp-57da9cf3 (981ms)
1045 silly extract range-parser@1.2.0 extracted to C:\Users\kalic\OneDrive\Desktop\mycoding-bootcamp-homework\project-3-express\node_modules\.staging\range-parser-02bbb05f (978ms)
1046 silly extract is-property@1.0.2 extracted to C:\Users\kalic\OneDrive\Desktop\mycoding-bootcamp-homework\project-3-express\node_modules\.staging\is-property-c6a213a1 (999ms)
1047 silly extract lru-cache@4.1.5
1048 silly extract yallist@2.1.2
1049 silly extract vary@1.1.2
1050 silly extract utils-merge@1.0.1
1051 silly extract body-parser@1.18.3
1052 silly extract raw-body@2.3.3
1053 silly extract finalhandler@1.1.1
1054 silly extract unpipe@1.0.0
1055 silly extract type-is@1.6.18
1056 silly tarball trying lru-cache@4.1.5 by hash: sha512-sWZlbEP2OsHNkXrMl5GYk/jKk70MBng6UU4YI/qGDYbgf6YbP4EvmqISbXCoJiRKs+1bSpFHVgQxvJ17F2li5g==
1057 silly tarball trying yallist@2.1.2 by hash: sha1-HBH5IY8HYImkfdUS+TxmmaaoHVI=
1058 silly tarball trying vary@1.1.2 by hash: sha1-IpnwLG3tMNSllhsLn3RSShj2NPw=
1059 silly tarball trying utils-merge@1.0.1 by hash: sha1-n5VxD1CiZ5R7LMwSR0HBAoQn5xM=
1060 silly tarball trying body-parser@1.18.3 by hash: sha1-WykhmP/dVTs6DyDe0FkrlWlVyLQ=
1061 silly tarball trying raw-body@2.3.3 by hash: sha512-9esiElv1BrZoI3rCDuOuKCBRbuApGGaDPQfjSflGxdy4oyzqghxu6klEkkVIvBje+FF0BX9coEv8KqW6X/7njw==
1062 silly tarball trying finalhandler@1.1.1 by hash: sha512-Y1GUDo39ez4aHAw7MysnUD5JzYX+WaIj8I57kO3aEPT1fFRL4sr7mjei97FgnwhAyyzRYmQZaTHb2+9uZ1dPtg==
1063 silly tarball trying unpipe@1.0.0 by hash: sha1-sr9O6FFKrmFltIF4KdIbLvSZBOw=
1064 silly tarball trying type-is@1.6.18 by hash: sha512-TkRKr9sUTxEH8MdfuCSP7VizJyzRNMjj2J2do2Jr3Kym598JVdEksuzPQCnlFPW4ky9Q+iA+ma9BGm06XQBy8g==
1065 silly extract proxy-addr@2.0.5 extracted to C:\Users\kalic\OneDrive\Desktop\mycoding-bootcamp-homework\project-3-express\node_modules\.staging\proxy-addr-ad0f991c (1018ms)
1066 silly extract inherits@2.0.3 extracted to C:\Users\kalic\OneDrive\Desktop\mycoding-bootcamp-homework\project-3-express\node_modules\.staging\inherits-a164ed5e (1038ms)
1067 silly extract content-disposition@0.5.2 extracted to C:\Users\kalic\OneDrive\Desktop\mycoding-bootcamp-homework\project-3-express\node_modules\.staging\content-disposition-76f8a30b (1048ms)
1068 silly extract cookie@0.3.1 extracted to C:\Users\kalic\OneDrive\Desktop\mycoding-bootcamp-homework\project-3-express\node_modules\.staging\cookie-e140a09d (1047ms)
1069 silly extract generate-function@2.3.1 extracted to C:\Users\kalic\OneDrive\Desktop\mycoding-bootcamp-homework\project-3-express\node_modules\.staging\generate-function-45f55608 (1036ms)
1070 silly extract serve-static@1.13.2
1071 silly extract send@0.16.2
1072 silly extract http-errors@1.6.3
1073 silly extract statuses@1.4.0
1074 silly extract sqlstring@2.3.1
1075 silly tarball trying serve-static@1.13.2 by hash: sha512-p/tdJrO4U387R9oMjb1oj7qSMaMfmOyd4j9hOFoxZe2baQszgHcSWjuya/CiT5kgZZKRudHNOA0pYXOl8rQ5nw==
1076 silly tarball trying send@0.16.2 by hash: sha512-E64YFPUssFHEFBvpbbjr44NCLtI1AohxQ8ZSiJjQLskAdKuriYEP6VyGEsRDH8ScozGpkaX1BGvhanqCwkcEZw==
1077 silly tarball trying http-errors@1.6.3 by hash: sha1-i1VoC7S+KDoLW/TqLjhYC+HZMg0=
1078 silly tarball trying statuses@1.4.0 by hash: sha512-zhSCtt8v2NDrRlPQpCNtw/heZLtfUDqxBM1udqikb/Hbk52LK4nQSwr10u77iopCW5LsyHpuXS0GnEc48mLeew==
1079 silly tarball trying sqlstring@2.3.1 by hash: sha1-R1OT/56RR5rqYtyvDKPRSYOn+0A=
1080 silly extract safe-buffer@5.1.2 extracted to C:\Users\kalic\OneDrive\Desktop\mycoding-bootcamp-homework\project-3-express\node_modules\.staging\safe-buffer-c4875602 (1160ms)
1081 silly extract is-bluebird@^1.0.2 extracted to C:\Users\kalic\OneDrive\Desktop\mycoding-bootcamp-homework\project-3-express\node_modules\.staging\is-bluebird-a01234b5 (1205ms)
1082 silly extract shimmer@1.2.1
1083 silly tarball trying shimmer@^1.1.0 by hash: sha512-sQTKC1Re/rM6XyFM6fIAGHRPVGvyXfgzIDvzoq608vM+jeyVD0Tu1E6Np0Kc2zAIFWIj963V2800iF/9LPieQw==
1084 silly extract setprototypeof@1.1.0
1085 silly tarball trying setprototypeof@1.1.0 by hash: sha512-BvE/TwpZX4FXExxOxZyRGQQv651MSwmWKZGqvmPcRIjDqWub67kTKuIMx43cZZrS/cBBzwBcNDWoFxt2XEFIpQ==
1086 silly extract pseudomap@1.0.2 extracted to C:\Users\kalic\OneDrive\Desktop\mycoding-bootcamp-homework\project-3-express\node_modules\.staging\pseudomap-fd9b81ea (1336ms)
1087 silly extract safer-buffer@2.1.2 extracted to C:\Users\kalic\OneDrive\Desktop\mycoding-bootcamp-homework\project-3-express\node_modules\.staging\safer-buffer-216f4768 (1391ms)
1088 silly extract seq-queue@0.0.5
1089 silly extract debug@2.6.9
1090 silly tarball trying seq-queue@0.0.5 by hash: sha1-1WgS4cAXpuTnw+Ojeh2m143TyT4=
1091 silly tarball trying debug@2.6.9 by hash: sha512-bC7ElrdJaJnPbAP+1EotYvqZsb3ecl5wi6Bfi6BJTUcNowp6cvspg0jXznRTKDjm/E7AdgFBVeAPVMNcKGsHMA==
1092 silly extract ipaddr.js@1.9.0 extracted to C:\Users\kalic\OneDrive\Desktop\mycoding-bootcamp-homework\project-3-express\node_modules\.staging\ipaddr.js-aa317075 (1481ms)
1093 silly extract negotiator@0.6.2 extracted to C:\Users\kalic\OneDrive\Desktop\mycoding-bootcamp-homework\project-3-express\node_modules\.staging\negotiator-e2ce01a3 (1506ms)
1094 silly extract mime@1.4.1 extracted to C:\Users\kalic\OneDrive\Desktop\mycoding-bootcamp-homework\project-3-express\node_modules\.staging\mime-c5c16509 (1513ms)
1095 silly extract ms@2.0.0
1096 silly extract iconv-lite@0.4.23
1097 silly tarball trying ms@2.0.0 by hash: sha1-VgiurfwAvmwpAd9fmGF4jeDVl8g=
1098 silly tarball trying iconv-lite@0.4.23 by hash: sha512-neyTUVFtahjf0mB3dZT77u+8O0QB89jFdnBkd5P1JgYPbPaia3gXXOVL2fq8VyU2gMMD7SaN7QukTB/pmXYvDA==
1099 silly extract iconv-lite@0.4.24
1100 silly tarball trying iconv-lite@0.4.24 by hash: sha512-v3MXnZAcvnywkTUEZomIActle7RXXeedOR31wwl7VlyoXO4Qi9arvSenNQWne1TcRwhCL1HwLI21bEqdpj8/rA==
1101 silly extract retry-as-promised@^3.1.0 extracted to C:\Users\kalic\OneDrive\Desktop\mycoding-bootcamp-homework\project-3-express\node_modules\.staging\retry-as-promised-da166e57 (653ms)
1102 silly extract dottie@^2.0.0 extracted to C:\Users\kalic\OneDrive\Desktop\mycoding-bootcamp-homework\project-3-express\node_modules\.staging\dottie-1f26ebec (649ms)
1103 silly extract mime-db@1.40.0 extracted to C:\Users\kalic\OneDrive\Desktop\mycoding-bootcamp-homework\project-3-express\node_modules\.staging\mime-db-bca8b3f5 (1629ms)
1104 silly extract vary@1.1.2 extracted to C:\Users\kalic\OneDrive\Desktop\mycoding-bootcamp-homework\project-3-express\node_modules\.staging\vary-0029d2f8 (631ms)
1105 silly extract named-placeholders@1.1.2 extracted to C:\Users\kalic\OneDrive\Desktop\mycoding-bootcamp-homework\project-3-express\node_modules\.staging\named-placeholders-8cbd34e0 (661ms)
1106 silly extract utils-merge@1.0.1 extracted to C:\Users\kalic\OneDrive\Desktop\mycoding-bootcamp-homework\project-3-express\node_modules\.staging\utils-merge-5259f644 (630ms)
1107 silly extract finalhandler@1.1.1 extracted to C:\Users\kalic\OneDrive\Desktop\mycoding-bootcamp-homework\project-3-express\node_modules\.staging\finalhandler-c97db007 (628ms)
1108 silly extract unpipe@1.0.0 extracted to C:\Users\kalic\OneDrive\Desktop\mycoding-bootcamp-homework\project-3-express\node_modules\.staging\unpipe-fee30f34 (627ms)
1109 silly extract type-is@1.6.18 extracted to C:\Users\kalic\OneDrive\Desktop\mycoding-bootcamp-homework\project-3-express\node_modules\.staging\type-is-547ce69a (627ms)
1110 silly extract lru-cache@4.1.5 extracted to C:\Users\kalic\OneDrive\Desktop\mycoding-bootcamp-homework\project-3-express\node_modules\.staging\lru-cache-9468a252 (632ms)
1111 silly extract yallist@2.1.2 extracted to C:\Users\kalic\OneDrive\Desktop\mycoding-bootcamp-homework\project-3-express\node_modules\.staging\yallist-2227a150 (654ms)
1112 silly extract sequelize-pool@^1.0.2 extracted to C:\Users\kalic\OneDrive\Desktop\mycoding-bootcamp-homework\project-3-express\node_modules\.staging\sequelize-pool-054b9f1b (751ms)
1113 silly extract http-errors@1.6.3 extracted to C:\Users\kalic\OneDrive\Desktop\mycoding-bootcamp-homework\project-3-express\node_modules\.staging\http-errors-c73593a2 (528ms)
1114 silly extract statuses@1.4.0 extracted to C:\Users\kalic\OneDrive\Desktop\mycoding-bootcamp-homework\project-3-express\node_modules\.staging\statuses-eba49b26 (507ms)
1115 silly extract setprototypeof@1.1.0 extracted to C:\Users\kalic\OneDrive\Desktop\mycoding-bootcamp-homework\project-3-express\node_modules\.staging\setprototypeof-8007d31c (422ms)
1116 silly extract serve-static@1.13.2 extracted to C:\Users\kalic\OneDrive\Desktop\mycoding-bootcamp-homework\project-3-express\node_modules\.staging\serve-static-de00866b (537ms)
1117 silly extract raw-body@2.3.3 extracted to C:\Users\kalic\OneDrive\Desktop\mycoding-bootcamp-homework\project-3-express\node_modules\.staging\raw-body-8a182a98 (663ms)
1118 silly extract debug@2.6.9 extracted to C:\Users\kalic\OneDrive\Desktop\mycoding-bootcamp-homework\project-3-express\node_modules\.staging\debug-0dd64d0b (1704ms)
1119 silly extract debug@2.6.9 extracted to C:\Users\kalic\OneDrive\Desktop\mycoding-bootcamp-homework\project-3-express\node_modules\.staging\debug-6e5f55c2 (1695ms)
1120 silly extract send@0.16.2 extracted to C:\Users\kalic\OneDrive\Desktop\mycoding-bootcamp-homework\project-3-express\node_modules\.staging\send-aa0a93f0 (550ms)
1121 silly extract debug@2.6.9 extracted to C:\Users\kalic\OneDrive\Desktop\mycoding-bootcamp-homework\project-3-express\node_modules\.staging\debug-ad135864 (1741ms)
1122 silly extract depd@1.1.2 extracted to C:\Users\kalic\OneDrive\Desktop\mycoding-bootcamp-homework\project-3-express\node_modules\.staging\depd-20a17d75 (1745ms)
1123 silly extract long@4.0.0 extracted to C:\Users\kalic\OneDrive\Desktop\mycoding-bootcamp-homework\project-3-express\node_modules\.staging\long-f78b81a9 (1743ms)
1124 silly extract sqlstring@2.3.1 extracted to C:\Users\kalic\OneDrive\Desktop\mycoding-bootcamp-homework\project-3-express\node_modules\.staging\sqlstring-db2f8aa0 (588ms)
1125 silly extract ms@2.0.0 extracted to C:\Users\kalic\OneDrive\Desktop\mycoding-bootcamp-homework\project-3-express\node_modules\.staging\ms-672346f0 (228ms)
1126 silly extract inflection@1.12.0 extracted to C:\Users\kalic\OneDrive\Desktop\mycoding-bootcamp-homework\project-3-express\node_modules\.staging\inflection-3812b14e (807ms)
1127 silly extract cls-bluebird@^2.1.0 extracted to C:\Users\kalic\OneDrive\Desktop\mycoding-bootcamp-homework\project-3-express\node_modules\.staging\cls-bluebird-35c1d201 (803ms)
1128 silly extract semver@^5.6.0 extracted to C:\Users\kalic\OneDrive\Desktop\mycoding-bootcamp-homework\project-3-express\node_modules\.staging\semver-c64f7776 (837ms)
1129 silly extract shimmer@^1.1.0 extracted to C:\Users\kalic\OneDrive\Desktop\mycoding-bootcamp-homework\project-3-express\node_modules\.staging\shimmer-18a6a56c (556ms)
1130 silly extract debug@^4.1.1 extracted to C:\Users\kalic\OneDrive\Desktop\mycoding-bootcamp-homework\project-3-express\node_modules\.staging\debug-03dfe459 (874ms)
1131 silly extract seq-queue@0.0.5 extracted to C:\Users\kalic\OneDrive\Desktop\mycoding-bootcamp-homework\project-3-express\node_modules\.staging\seq-queue-d93f3665 (403ms)
1132 silly extract any-promise@^1.3.0 extracted to C:\Users\kalic\OneDrive\Desktop\mycoding-bootcamp-homework\project-3-express\node_modules\.staging\any-promise-379343a3 (1904ms)
1133 silly extract qs@6.5.2 extracted to C:\Users\kalic\OneDrive\Desktop\mycoding-bootcamp-homework\project-3-express\node_modules\.staging\qs-1b2e83a2 (1870ms)
1134 silly extract toposort-class@^1.0.1 extracted to C:\Users\kalic\OneDrive\Desktop\mycoding-bootcamp-homework\project-3-express\node_modules\.staging\toposort-class-0530d1c1 (973ms)
1135 silly extract uuid@^3.2.1 extracted to C:\Users\kalic\OneDrive\Desktop\mycoding-bootcamp-homework\project-3-express\node_modules\.staging\uuid-ec923f93 (998ms)
1136 silly extract debug@2.6.9 extracted to C:\Users\kalic\OneDrive\Desktop\mycoding-bootcamp-homework\project-3-express\node_modules\.staging\debug-46fbc5bf (457ms)
1137 silly extract body-parser@1.18.3 extracted to C:\Users\kalic\OneDrive\Desktop\mycoding-bootcamp-homework\project-3-express\node_modules\.staging\body-parser-a4630c30 (906ms)
1138 silly extract wkx@^0.4.6 extracted to C:\Users\kalic\OneDrive\Desktop\mycoding-bootcamp-homework\project-3-express\node_modules\.staging\wkx-15ec6840 (1114ms)
1139 silly extract express@4.16.4 extracted to C:\Users\kalic\OneDrive\Desktop\mycoding-bootcamp-homework\project-3-express\node_modules\.staging\express-d3e0b478 (1057ms)
1140 silly extract iconv-lite@0.4.23 extracted to C:\Users\kalic\OneDrive\Desktop\mycoding-bootcamp-homework\project-3-express\node_modules\.staging\iconv-lite-f045e9ce (2081ms)
1141 silly extract iconv-lite@0.4.23 extracted to C:\Users\kalic\OneDrive\Desktop\mycoding-bootcamp-homework\project-3-express\node_modules\.staging\iconv-lite-3fabe4f6 (684ms)
1142 silly extract iconv-lite@0.4.24 extracted to C:\Users\kalic\OneDrive\Desktop\mycoding-bootcamp-homework\project-3-express\node_modules\.staging\iconv-lite-3f1a7f88 (672ms)
1143 silly extract @types/node@* extracted to C:\Users\kalic\OneDrive\Desktop\mycoding-bootcamp-homework\project-3-express\node_modules\.staging\@types\node-594e1d17 (2344ms)
1144 silly extract bluebird@^3.5.0 extracted to C:\Users\kalic\OneDrive\Desktop\mycoding-bootcamp-homework\project-3-express\node_modules\.staging\bluebird-4c790c2a (2341ms)
1145 silly extract validator@^10.11.0 extracted to C:\Users\kalic\OneDrive\Desktop\mycoding-bootcamp-homework\project-3-express\node_modules\.staging\validator-f5de9d86 (1485ms)
1146 silly extract mysql2@1.6.5 extracted to C:\Users\kalic\OneDrive\Desktop\mycoding-bootcamp-homework\project-3-express\node_modules\.staging\mysql2-44dbea84 (1452ms)
1147 silly extract moment-timezone@^0.5.21 extracted to C:\Users\kalic\OneDrive\Desktop\mycoding-bootcamp-homework\project-3-express\node_modules\.staging\moment-timezone-47784e04 (1785ms)
1148 silly extract sequelize@latest extracted to C:\Users\kalic\OneDrive\Desktop\mycoding-bootcamp-homework\project-3-express\node_modules\.staging\sequelize-21a52b9b (2355ms)
1149 silly extract moment@^2.24.0 extracted to C:\Users\kalic\OneDrive\Desktop\mycoding-bootcamp-homework\project-3-express\node_modules\.staging\moment-0c387fe5 (3954ms)
1150 silly extract lodash@^4.17.11 extracted to C:\Users\kalic\OneDrive\Desktop\mycoding-bootcamp-homework\project-3-express\node_modules\.staging\lodash-5804bc36 (3882ms)
1151 timing action:extract Completed in 4883ms
1152 silly doReverseSerial unbuild 704
1153 silly doSerial remove 704
1154 silly doSerial move 704
1155 silly doSerial finalize 704
1156 silly finalize C:\Users\kalic\OneDrive\Desktop\mycoding-bootcamp-homework\project-3-express\node_modules\@types\node
1157 timing action:finalize Completed in 4ms
1158 verbose unlock done using C:\Users\kalic\OneDrive\Desktop\mycoding-bootcamp-homework\project-3-express\NODEJSnpm-cache\_locks\staging-7be453bfe03c8eef.lock for C:\Users\kalic\OneDrive\Desktop\mycoding-bootcamp-homework\project-3-express\node_modules\.staging
1159 warn rollback Rolling back @types/node@12.0.0 failed (this is probably harmless): EPERM: operation not permitted, lstat 'C:\Users\kalic\OneDrive\Desktop\mycoding-bootcamp-homework\project-3-express\node_modules\@types\node'
1160 timing stage:rollbackFailedOptional Completed in 66ms
1161 timing stage:runTopLevelLifecycles Completed in 8432ms
1162 silly saveTree project-3-express@1.0.0
1162 silly saveTree +-- express@4.16.4
1162 silly saveTree | +-- accepts@1.3.7
1162 silly saveTree | | +-- mime-types@2.1.24
1162 silly saveTree | | | `-- mime-db@1.40.0
1162 silly saveTree | | `-- negotiator@0.6.2
1162 silly saveTree | +-- array-flatten@1.1.1
1162 silly saveTree | +-- body-parser@1.18.3
1162 silly saveTree | | +-- bytes@3.0.0
1162 silly saveTree | | +-- content-type@1.0.4
1162 silly saveTree | | +-- debug@2.6.9
1162 silly saveTree | | | `-- ms@2.0.0
1162 silly saveTree | | +-- depd@1.1.2
1162 silly saveTree | | +-- http-errors@1.6.3
1162 silly saveTree | | | +-- inherits@2.0.3
1162 silly saveTree | | | +-- setprototypeof@1.1.0
1162 silly saveTree | | | `-- statuses@1.4.0
1162 silly saveTree | | +-- iconv-lite@0.4.23
1162 silly saveTree | | | `-- safer-buffer@2.1.2
1162 silly saveTree | | +-- on-finished@2.3.0
1162 silly saveTree | | | `-- ee-first@1.1.1
1162 silly saveTree | | +-- qs@6.5.2
1162 silly saveTree | | +-- raw-body@2.3.3
1162 silly saveTree | | | +-- iconv-lite@0.4.23
1162 silly saveTree | | | `-- unpipe@1.0.0
1162 silly saveTree | | `-- type-is@1.6.18
1162 silly saveTree | |   `-- media-typer@0.3.0
1162 silly saveTree | +-- content-disposition@0.5.2
1162 silly saveTree | +-- content-type@1.0.4
1162 silly saveTree | +-- cookie-signature@1.0.6
1162 silly saveTree | +-- cookie@0.3.1
1162 silly saveTree | +-- debug@2.6.9
1162 silly saveTree | | `-- ms@2.0.0
1162 silly saveTree | +-- depd@1.1.2
1162 silly saveTree | +-- encodeurl@1.0.2
1162 silly saveTree | +-- escape-html@1.0.3
1162 silly saveTree | +-- etag@1.8.1
1162 silly saveTree | +-- finalhandler@1.1.1
1162 silly saveTree | | +-- debug@2.6.9
1162 silly saveTree | | | `-- ms@2.0.0
1162 silly saveTree | | `-- parseurl@1.3.3
1162 silly saveTree | +-- fresh@0.5.2
1162 silly saveTree | +-- merge-descriptors@1.0.1
1162 silly saveTree | +-- methods@1.1.2
1162 silly saveTree | +-- on-finished@2.3.0
1162 silly saveTree | +-- parseurl@1.3.3
1162 silly saveTree | +-- path-to-regexp@0.1.7
1162 silly saveTree | +-- proxy-addr@2.0.5
1162 silly saveTree | | +-- forwarded@0.1.2
1162 silly saveTree | | `-- ipaddr.js@1.9.0
1162 silly saveTree | +-- qs@6.5.2
1162 silly saveTree | +-- range-parser@1.2.0
1162 silly saveTree | +-- safe-buffer@5.1.2
1162 silly saveTree | +-- send@0.16.2
1162 silly saveTree | | +-- debug@2.6.9
1162 silly saveTree | | | `-- ms@2.0.0
1162 silly saveTree | | +-- destroy@1.0.4
1162 silly saveTree | | +-- mime@1.4.1
1162 silly saveTree | | `-- ms@2.0.0
1162 silly saveTree | +-- serve-static@1.13.2
1162 silly saveTree | +-- setprototypeof@1.1.0
1162 silly saveTree | +-- statuses@1.4.0
1162 silly saveTree | +-- type-is@1.6.18
1162 silly saveTree | +-- utils-merge@1.0.1
1162 silly saveTree | `-- vary@1.1.2
1162 silly saveTree +-- mysql2@1.6.5
1162 silly saveTree | +-- denque@1.4.1
1162 silly saveTree | +-- generate-function@2.3.1
1162 silly saveTree | | `-- is-property@1.0.2
1162 silly saveTree | +-- iconv-lite@0.4.24
1162 silly saveTree | +-- long@4.0.0
1162 silly saveTree | +-- lru-cache@4.1.5
1162 silly saveTree | | +-- pseudomap@1.0.2
1162 silly saveTree | | `-- yallist@2.1.2
1162 silly saveTree | +-- named-placeholders@1.1.2
1162 silly saveTree | +-- seq-queue@0.0.5
1162 silly saveTree | `-- sqlstring@2.3.1
1162 silly saveTree `-- sequelize@5.8.5
1162 silly saveTree   +-- bluebird@3.5.4
1162 silly saveTree   +-- cls-bluebird@2.1.0
1162 silly saveTree   | +-- is-bluebird@1.0.2
1162 silly saveTree   | `-- shimmer@1.2.1
1162 silly saveTree   +-- debug@4.1.1
1162 silly saveTree   | `-- ms@2.1.1
1162 silly saveTree   +-- dottie@2.0.1
1162 silly saveTree   +-- inflection@1.12.0
1162 silly saveTree   +-- lodash@4.17.11
1162 silly saveTree   +-- moment-timezone@0.5.25
1162 silly saveTree   | `-- moment@2.24.0
1162 silly saveTree   +-- moment@2.24.0
1162 silly saveTree   +-- retry-as-promised@3.2.0
1162 silly saveTree   | `-- any-promise@1.3.0
1162 silly saveTree   +-- semver@5.7.0
1162 silly saveTree   +-- sequelize-pool@1.0.2
1162 silly saveTree   +-- toposort-class@1.0.1
1162 silly saveTree   +-- uuid@3.3.2
1162 silly saveTree   +-- validator@10.11.0
1162 silly saveTree   `-- wkx@0.4.6
1162 silly saveTree     `-- @types/node@12.0.0
1163 verbose stack Error: EPERM: operation not permitted, mkdir 'C:\Users\kalic\OneDrive\Desktop\mycoding-bootcamp-homework\project-3-express\node_modules\@types'
1164 verbose cwd C:\Users\kalic\OneDrive\Desktop\mycoding-bootcamp-homework\project-3-express
1165 verbose Windows_NT 10.0.17763
1166 verbose argv "C:\\Program Files\\nodejs\\node.exe" "C:\\Program Files\\nodejs\\node_modules\\npm\\bin\\npm-cli.js" "i" "sequelize"
1167 verbose node v11.1.0
1168 verbose npm  v6.4.1
1169 error path C:\Users\kalic\OneDrive\Desktop\mycoding-bootcamp-homework\project-3-express\node_modules\@types
1170 error code EPERM
1171 error errno -4048
1172 error syscall mkdir
1173 error Error: EPERM: operation not permitted, mkdir 'C:\Users\kalic\OneDrive\Desktop\mycoding-bootcamp-homework\project-3-express\node_modules\@types'
1173 error  { [Error: EPERM: operation not permitted, mkdir 'C:\Users\kalic\OneDrive\Desktop\mycoding-bootcamp-homework\project-3-express\node_modules\@types']
1173 error   cause:
1173 error    { Error: EPERM: operation not permitted, mkdir 'C:\Users\kalic\OneDrive\Desktop\mycoding-bootcamp-homework\project-3-express\node_modules\@types'
1173 error      errno: -4048,
1173 error      code: 'EPERM',
1173 error      syscall: 'mkdir',
1173 error      path:
1173 error       'C:\\Users\\kalic\\OneDrive\\Desktop\\mycoding-bootcamp-homework\\project-3-express\\node_modules\\@types' },
1173 error   stack:
1173 error    "Error: EPERM: operation not permitted, mkdir 'C:\\Users\\kalic\\OneDrive\\Desktop\\mycoding-bootcamp-homework\\project-3-express\\node_modules\\@types'",
1173 error   errno: -4048,
1173 error   code: 'EPERM',
1173 error   syscall: 'mkdir',
1173 error   path:
1173 error    'C:\\Users\\kalic\\OneDrive\\Desktop\\mycoding-bootcamp-homework\\project-3-express\\node_modules\\@types',
1173 error   parent: 'project-3-express' }
1174 error The operation was rejected by your operating system.
1174 error It's possible that the file was already in use (by a text editor or antivirus),
1174 error or that you lack permissions to access it.
1174 error
1174 error If you believe this might be a permissions issue, please double-check the
1174 error permissions of the file and its containing directories, or try running
1174 error the command again as root/Administrator (though this is not recommended).
1175 verbose exit [ -4048, true ]
