0 info it worked if it ends with ok
1 verbose cli [ 'C:\\Program Files\\nodejs\\node.exe',
1 verbose cli   'C:\\Program Files\\nodejs\\node_modules\\npm\\bin\\npm-cli.js',
1 verbose cli   'i',
1 verbose cli   'local-strategy' ]
2 info using npm@6.4.1
3 info using node@v11.1.0
4 verbose npm-session 99f97797d8de84fa
5 silly install loadCurrentTree
6 silly install readLocalPackageData
7 http fetch GET 404 http://registry.npmjs.org/local-strategy 228ms
8 silly fetchPackageMetaData error for local-strategy@latest 404 Not Found: local-strategy@latest
9 timing stage:rollbackFailedOptional Completed in 1ms
10 timing stage:runTopLevelLifecycles Completed in 1146ms
11 verbose stack Error: 404 Not Found: local-strategy@latest
11 verbose stack     at fetch.then.res (C:\Program Files\nodejs\node_modules\npm\node_modules\pacote\lib\fetchers\registry\fetch.js:42:19)
11 verbose stack     at tryCatcher (C:\Program Files\nodejs\node_modules\npm\node_modules\bluebird\js\release\util.js:16:23)
11 verbose stack     at Promise._settlePromiseFromHandler (C:\Program Files\nodejs\node_modules\npm\node_modules\bluebird\js\release\promise.js:512:31)
11 verbose stack     at Promise._settlePromise (C:\Program Files\nodejs\node_modules\npm\node_modules\bluebird\js\release\promise.js:569:18)
11 verbose stack     at Promise._settlePromise0 (C:\Program Files\nodejs\node_modules\npm\node_modules\bluebird\js\release\promise.js:614:10)
11 verbose stack     at Promise._settlePromises (C:\Program Files\nodejs\node_modules\npm\node_modules\bluebird\js\release\promise.js:693:18)
11 verbose stack     at Async._drainQueue (C:\Program Files\nodejs\node_modules\npm\node_modules\bluebird\js\release\async.js:133:16)
11 verbose stack     at Async._drainQueues (C:\Program Files\nodejs\node_modules\npm\node_modules\bluebird\js\release\async.js:143:10)
11 verbose stack     at Immediate.Async.drainQueues [as _onImmediate] (C:\Program Files\nodejs\node_modules\npm\node_modules\bluebird\js\release\async.js:17:14)
11 verbose stack     at processImmediate (timers.js:632:19)
12 verbose cwd C:\Users\kalic\OneDrive\Desktop\mycoding-bootcamp-homework\project-3-express
13 verbose Windows_NT 10.0.17763
14 verbose argv "C:\\Program Files\\nodejs\\node.exe" "C:\\Program Files\\nodejs\\node_modules\\npm\\bin\\npm-cli.js" "i" "local-strategy"
15 verbose node v11.1.0
16 verbose npm  v6.4.1
17 error code E404
18 error 404 Not Found: local-strategy@latest
19 verbose exit [ 1, true ]
